DEBUG: 2025-02-05 14:03:37,325 com.limenets.eorder.aop.AdminCheck(ex:49) - getTarget : com.limenets.eorder.ctrl.admin.OrderCtrl@70eede42
DEBUG: 2025-02-05 14:03:37,325 com.limenets.eorder.aop.AdminCheck(ex:54) - loginDto : com.limenets.common.dto.LoginDto@2f9ddd
DEBUG: 2025-02-05 14:03:37,325 com.limenets.eorder.aop.AdminCheck(ex:69) - [A]l_remoteIP : 0
DEBUG: 2025-02-05 14:03:37,326 com.limenets.eorder.aop.AdminCheck(ex:70) - [A]h_remoteIP : 0
DEBUG: 2025-02-05 14:03:37,326 com.limenets.eorder.aop.AdminCheck(ex:73) - [A]SessId_DTO : 9DA1450732653F31F9428BBF9E92C617
DEBUG: 2025-02-05 14:03:37,326 com.limenets.eorder.aop.AdminCheck(ex:74) - [A]SessId_SESS : 9DA1450732653F31F9428BBF9E92C617
DEBUG: 2025-02-05 14:03:37,326 com.limenets.eorder.aop.AdminCheck(ex:75) - [A]Authority : AD
DEBUG: 2025-02-05 14:03:37,326 com.limenets.eorder.aop.AdminCheck(ex:76) - [A]ServletPath : /admin/order/getPostalCodeCount.lime
DEBUG: 2025-02-05 14:03:37,326 com.limenets.eorder.aop.AdminCheck(ex:77) - [A]FirstLogin : N
DEBUG: 2025-02-05 14:03:37,327 com.limenets.eorder.aop.AdminCheck(ex:103) - paramMap : {r_zipcd=44741}
DEBUG: 2025-02-05 14:03:37,327 com.limenets.eorder.svc.MenuSvc(getNowMnSeq:43) - url : /admin/order/getPostalCodeCount.lime
DEBUG: 2025-02-05 14:03:37,898 eorder.menu.menuUrl(debug:139) - ==>	 Preparing: SELECT * FROM MENUURL WHERE MU_URL = ?
DEBUG: 2025-02-05 14:03:37,899 eorder.menu.menuUrl(debug:139) - ==> Parameters: /admin/order/getPostalCodeCount.lime(String)
INFO : 2025-02-05 14:03:37,899 jdbc.sqlonly(sqlOccured:74) - SQL : SELECT *
		FROM MENUURL
		 WHERE	MU_URL = '/admin/order/getPostalCodeCount.lime'
DEBUG: 2025-02-05 14:03:38,010 eorder.menu.menuUrl(debug:139) - <==		 Total: 0
DEBUG: 2025-02-05 14:03:38,011 com.limenets.eorder.aop.AdminCheck(ex:107) - mnSeq : 0
DEBUG: 2025-02-05 14:03:38,582 eorder.o_postalcode_sap.cnt(debug:139) - ==>	 Preparing: SELECT COUNT(*) FROM O_POSTALCODE_SAP S WHERE S.ZIP_CD = ? AND S.USE_F IN (?)
DEBUG: 2025-02-05 14:03:38,583 eorder.o_postalcode_sap.cnt(debug:139) - ==> Parameters: 44741(String), Y(String)
INFO : 2025-02-05 14:03:38,583 jdbc.sqlonly(sqlOccured:74) - SQL : SELECT COUNT(*) FROM O_POSTALCODE_SAP S
		 WHERE	S.ZIP_CD = '44741'
				AND S.USE_F IN ('Y')
DEBUG: 2025-02-05 14:03:38,695 eorder.o_postalcode_sap.cnt(debug:139) - <==		 Total: 1
DEBUG: 2025-02-05 14:03:39,669 com.limenets.eorder.aop.AdminCheck(ex:49) - getTarget : com.limenets.eorder.ctrl.admin.OrderCtrl@70eede42
DEBUG: 2025-02-05 14:03:39,669 com.limenets.eorder.aop.AdminCheck(ex:54) - loginDto : com.limenets.common.dto.LoginDto@2f9ddd
DEBUG: 2025-02-05 14:03:39,669 com.limenets.eorder.aop.AdminCheck(ex:69) - [A]l_remoteIP : 0
DEBUG: 2025-02-05 14:03:39,669 com.limenets.eorder.aop.AdminCheck(ex:70) - [A]h_remoteIP : 0
DEBUG: 2025-02-05 14:03:39,670 com.limenets.eorder.aop.AdminCheck(ex:73) - [A]SessId_DTO : 9DA1450732653F31F9428BBF9E92C617
DEBUG: 2025-02-05 14:03:39,670 com.limenets.eorder.aop.AdminCheck(ex:74) - [A]SessId_SESS : 9DA1450732653F31F9428BBF9E92C617
DEBUG: 2025-02-05 14:03:39,670 com.limenets.eorder.aop.AdminCheck(ex:75) - [A]Authority : AD
DEBUG: 2025-02-05 14:03:39,670 com.limenets.eorder.aop.AdminCheck(ex:76) - [A]ServletPath : /admin/order/insertOrderConfirmAjax.lime
DEBUG: 2025-02-05 14:03:39,670 com.limenets.eorder.aop.AdminCheck(ex:77) - [A]FirstLogin : N
DEBUG: 2025-02-05 14:03:39,670 com.limenets.eorder.aop.AdminCheck(ex:103) - paramMap : {m_transty=AA, m_remark= 생산요청 제품을 선택하신 경우에는 거래, m_itemcd=786595, r_reqno=101781702502054, m_ocdstatuscd=, m_shiptocd=9005790662, select_week=513		  , m_quantity=111, r_ohhseq_now=627098, v_requestdate=2025-03-07 09:00, m_pickingdt=2025-02-14, m_requesttime=0900, v_desc1=일반 12.5*900*1800 테파드, m_statuscd=07, select_companycd=4635, v_shiptonm=울산 신정 한신_예술디자인, m_companycd=4635, m_unit=PC, m_ocdreturnmsg=, m_add1=울산시 남구 수암로 54번길 11-1, m_add2=123123, m_returndesc=, m_requestdt=20250307, m_confirmremark=, m_price=, m_week=513		, m_requesttime2=0900, v_requestdate2=2025-03-07 09:00, m_custommatter=, m_ocdreturncd=, select_pickingdt=2025-02-14, m_zipcd=44741, m_returncd=, m_requestdt2=20250307}
DEBUG: 2025-02-05 14:03:39,671 com.limenets.eorder.svc.MenuSvc(getNowMnSeq:43) - url : /admin/order/insertOrderConfirmAjax.lime
DEBUG: 2025-02-05 14:03:40,239 eorder.menu.menuUrl(debug:139) - ==>	 Preparing: SELECT * FROM MENUURL WHERE MU_URL = ?
DEBUG: 2025-02-05 14:03:40,240 eorder.menu.menuUrl(debug:139) - ==> Parameters: /admin/order/insertOrderConfirmAjax.lime(String)
INFO : 2025-02-05 14:03:40,240 jdbc.sqlonly(sqlOccured:74) - SQL : SELECT *
		FROM MENUURL
		 WHERE	MU_URL = '/admin/order/insertOrderConfirmAjax.lime'
DEBUG: 2025-02-05 14:03:40,351 eorder.menu.menuUrl(debug:139) - <==		 Total: 1
DEBUG: 2025-02-05 14:03:40,351 com.limenets.eorder.svc.MenuSvc(getNowMnSeq:72) - dbParam : {}
DEBUG: 2025-02-05 14:03:40,351 com.limenets.eorder.svc.MenuSvc(getNowMnSeq:73) - urlParam : {m_transty=AA, m_remark= 생산요청 제품을 선택하신 경우에는 거래, m_itemcd=786595, r_reqno=101781702502054, m_ocdstatuscd=, m_shiptocd=9005790662, select_week=513	   , m_quantity=111, r_ohhseq_now=627098, v_requestdate=2025-03-07 09:00, m_pickingdt=2025-02-14, m_requesttime=0900, v_desc1=일반 12.5*900*1800 테파드, m_statuscd=07, select_companycd=4635, v_shiptonm=울산 신정 한신_예술디자인, m_companycd=4635, m_unit=PC, m_ocdreturnmsg=, m_add1=울산시 남구 수암로 54번길 11-1, m_add2=123123, m_returndesc=, m_requestdt=20250307, m_confirmremark=, m_price=, m_week=513		 , m_requesttime2=0900, v_requestdate2=2025-03-07 09:00, m_custommatter=, m_ocdreturncd=, select_pickingdt=2025-02-14, m_zipcd=44741, m_returncd=, m_requestdt2=20250307}
DEBUG: 2025-02-05 14:03:40,352 com.limenets.eorder.aop.AdminCheck(ex:107) - mnSeq : 13
DEBUG: 2025-02-05 14:03:41,039 eorder.o_shipto.one(debug:139) - ==>	 Preparing: SELECT ST.* FROM O_SHIPTO ST WHERE ST.SHIPTO_CD = ?
DEBUG: 2025-02-05 14:03:41,040 eorder.o_shipto.one(debug:139) - ==> Parameters: 9005790662(String)
INFO : 2025-02-05 14:03:41,041 jdbc.sqlonly(sqlOccured:74) - SQL : SELECT ST.*
		FROM O_SHIPTO ST
		 WHERE	ST.SHIPTO_CD = '9005790662'
DEBUG: 2025-02-05 14:03:41,153 eorder.o_shipto.one(debug:139) - <==		 Total: 1
DEBUG: 2025-02-05 14:03:41,154 eorder.o_cust_order_h.one(debug:139) - ==>  Preparing: SELECT COH.* , (SELECT USER_NM FROM O_USER WHERE RTRIM(USERID) = RTRIM(COH.USERID)) AS USER_NM , CU.CUST_NM , ST.SHIPTO_NM , ST.QUOTE_QT , CU.SALESREP_CD, CU.SALESREP_NM , (SELECT CSUSERID FROM O_CSSALESMAP WHERE SALESUSERID = US_SALES.USERID AND FIXEDYN = 'Y') AS CSUSERID , (SELECT SUB1.USER_NM FROM O_USER SUB1, O_CSSALESMAP SUB2 WHERE SUB1.USERID = SUB2.CSUSERID AND SUB2.SALESUSERID = US_SALES.USERID AND SUB2.FIXEDYN = 'Y') AS CSUSER_NM , (SELECT CC_NAME FROM COMMONCODE WHERE CC_PARENT='C01' AND CC_CODE = COH.RETURN_CD) AS RETURN_REASON FROM O_CUST_ORDER_H COH LEFT JOIN O_CUSTOMER CU ON COH.CUST_CD = CU.CUST_CD LEFT JOIN O_SHIPTO ST ON COH.SHIPTO_CD = ST.SHIPTO_CD LEFT JOIN O_USER US_SALES ON CU.SALESREP_CD = US_SALES.USERID WHERE COH.REQ_NO = ?
DEBUG: 2025-02-05 14:03:41,155 eorder.o_cust_order_h.one(debug:139) - ==> Parameters: 101781702502054(String)
INFO : 2025-02-05 14:03:41,155 jdbc.sqlonly(sqlOccured:74) - SQL : SELECT COH.*
			, (SELECT USER_NM FROM O_USER WHERE RTRIM(USERID) = RTRIM(COH.USERID)) AS USER_NM
			, CU.CUST_NM
			, ST.SHIPTO_NM
			, ST.QUOTE_QT
			 , CU.SALESREP_CD, CU.SALESREP_NM
			, (SELECT CSUSERID FROM O_CSSALESMAP WHERE SALESUSERID = US_SALES.USERID AND FIXEDYN = 'Y') AS CSUSERID
			, (SELECT SUB1.USER_NM FROM O_USER SUB1, O_CSSALESMAP SUB2 WHERE SUB1.USERID = SUB2.CSUSERID AND SUB2.SALESUSERID = US_SALES.USERID AND SUB2.FIXEDYN = 'Y') AS CSUSER_NM
			, (SELECT CC_NAME FROM COMMONCODE WHERE CC_PARENT='C01' AND CC_CODE = COH.RETURN_CD) AS RETURN_REASON
		FROM O_CUST_ORDER_H COH
			LEFT JOIN O_CUSTOMER CU ON COH.CUST_CD = CU.CUST_CD
			LEFT JOIN O_SHIPTO ST ON COH.SHIPTO_CD = ST.SHIPTO_CD
			LEFT JOIN O_USER US_SALES ON CU.SALESREP_CD = US_SALES.USERID
		 WHERE	COH.REQ_NO = '101781702502054'
DEBUG: 2025-02-05 14:03:41,269 eorder.o_cust_order_h.one(debug:139) - <==	   Total: 1
DEBUG: 2025-02-05 14:03:41,270 com.limenets.eorder.svc.OrderSvc(insertOrderConfirmTransaction:795) - r_ohhseq_now : 627098
DEBUG: 2025-02-05 14:03:41,270 eorder.orderHeaderHistory.oneByRecentList(debug:139) - ==>  Preparing: SELECT TOP 1 * FROM ORDERHEADERHISTORY WHERE OHH_REQNO = ? ORDER BY OHH_SEQ DESC
DEBUG: 2025-02-05 14:03:41,271 eorder.orderHeaderHistory.oneByRecentList(debug:139) - ==> Parameters: 101781702502054(String)
INFO : 2025-02-05 14:03:41,271 jdbc.sqlonly(sqlOccured:74) - SQL : SELECT TOP 1 *
		FROM ORDERHEADERHISTORY
		 WHERE	OHH_REQNO = '101781702502054'
		ORDER BY OHH_SEQ DESC
DEBUG: 2025-02-05 14:03:41,382 eorder.orderHeaderHistory.oneByRecentList(debug:139) - <==	   Total: 1
DEBUG: 2025-02-05 14:03:41,383 com.limenets.eorder.svc.OrderSvc(insertOrderConfirmTransaction:799) - orderHeaderHistoryRecnetOne : {OHH_SEQ=627098, OHH_STATUSCD=00, OHH_MEMO=주문접수, OHH_INID=sorin123, OHH_INDATE=2025-02-05 13:52:25.0, OHH_REQNO=101781702502054, OHH_REQNOREF=null}
DEBUG: 2025-02-05 14:03:41,384 com.limenets.eorder.svc.OrderSvc(insertOrderConfirmTransaction:822) - ### mi_itemcd length : 4
DEBUG: 2025-02-05 14:03:41,384 com.limenets.eorder.svc.OrderSvc(insertOrderConfirmTransaction:823) - ### mi_companycd length : 4
DEBUG: 2025-02-05 14:03:41,384 com.limenets.eorder.svc.OrderSvc(insertOrderConfirmTransaction:824) - ### mi_unit length : 4
DEBUG: 2025-02-05 14:03:41,384 com.limenets.eorder.svc.OrderSvc(insertOrderConfirmTransaction:825) - ### mi_quantity length : 4
DEBUG: 2025-02-05 14:03:41,385 com.limenets.eorder.svc.OrderSvc(insertOrderConfirmTransaction:826) - ### mi_pickingdt length : 4
DEBUG: 2025-02-05 14:03:41,385 com.limenets.eorder.svc.OrderSvc(insertOrderConfirmTransaction:827) - ### mi_requestdt2 length : 4
DEBUG: 2025-02-05 14:03:41,385 com.limenets.eorder.svc.OrderSvc(insertOrderConfirmTransaction:828) - ### mi_requesttime2 length : 4
DEBUG: 2025-02-05 14:03:41,385 com.limenets.eorder.svc.OrderSvc(insertOrderConfirmTransaction:829) - ### mi_week length : 4
DEBUG: 2025-02-05 14:03:41,385 com.limenets.eorder.svc.OrderSvc(insertOrderConfirmTransaction:830) - ### mi_confirmremark length : 4
DEBUG: 2025-02-05 14:03:41,385 com.limenets.eorder.svc.OrderSvc(insertOrderConfirmTransaction:831) - ### mi_price length : 4
DEBUG: 2025-02-05 14:03:41,386 com.limenets.eorder.svc.OrderSvc(insertOrderConfirmTransaction:832) - ### mi_ocdreturncd length : 4
DEBUG: 2025-02-05 14:03:41,386 com.limenets.eorder.svc.OrderSvc(insertOrderConfirmTransaction:833) - ### mi_ocdreturnmsg length : 4
DEBUG: 2025-02-05 14:03:41,386 com.limenets.eorder.svc.OrderSvc(insertOrderConfirmTransaction:834) - ### mi_ocdstatuscd length : 4
DEBUG: 2025-02-05 14:03:41,386 com.limenets.eorder.svc.OrderSvc(insertOrderConfirmTransaction:1036) - ####### companyCds2 :
DEBUG: 2025-02-05 14:03:41,386 com.limenets.eorder.svc.OrderSvc(insertOrderConfirmTransaction:1037) - ####### one : ||4635||D||20250307||D||0900||D||2025-02-14||D||786595||,||
DEBUG: 2025-02-05 14:03:41,387 com.limenets.eorder.svc.OrderSvc(insertOrderConfirmTransaction:1038) - ####### indexOf : -1
DEBUG: 2025-02-05 14:03:41,387 com.limenets.eorder.svc.OrderSvc(insertOrderConfirmTransaction:1036) - ####### companyCds2 : ||4635||D||20250307||D||0900||D||2025-02-14||D||786595||,||
DEBUG: 2025-02-05 14:03:41,387 com.limenets.eorder.svc.OrderSvc(insertOrderConfirmTransaction:1037) - ####### one : ||4635||D||20250307||D||0900||D||2025-02-14||D||792120||,||
DEBUG: 2025-02-05 14:03:41,387 com.limenets.eorder.svc.OrderSvc(insertOrderConfirmTransaction:1038) - ####### indexOf : -1
DEBUG: 2025-02-05 14:03:41,387 com.limenets.eorder.svc.OrderSvc(insertOrderConfirmTransaction:1036) - ####### companyCds2 : ||4635||D||20250307||D||0900||D||2025-02-14||D||786595||,||||4635||D||20250307||D||0900||D||2025-02-14||D||792120||,||
DEBUG: 2025-02-05 14:03:41,388 com.limenets.eorder.svc.OrderSvc(insertOrderConfirmTransaction:1037) - ####### one : ||5619||D||20250307||D||0900||D||2025-02-14||D||792120||,||
DEBUG: 2025-02-05 14:03:41,388 com.limenets.eorder.svc.OrderSvc(insertOrderConfirmTransaction:1038) - ####### indexOf : -1
DEBUG: 2025-02-05 14:03:41,388 com.limenets.eorder.svc.OrderSvc(insertOrderConfirmTransaction:1036) - ####### companyCds2 : ||4635||D||20250307||D||0900||D||2025-02-14||D||786595||,||||4635||D||20250307||D||0900||D||2025-02-14||D||792120||,||||5619||D||20250307||D||0900||D||2025-02-14||D||792120||,||
DEBUG: 2025-02-05 14:03:41,388 com.limenets.eorder.svc.OrderSvc(insertOrderConfirmTransaction:1037) - ####### one : ||4635||D||20250307||D||0900||D||2025-02-14||D||786448||,||
DEBUG: 2025-02-05 14:03:41,388 com.limenets.eorder.svc.OrderSvc(insertOrderConfirmTransaction:1038) - ####### indexOf : -1
DEBUG: 2025-02-05 14:03:41,389 com.limenets.eorder.svc.OrderSvc(insertOrderConfirmTransaction:1047) - ####### forceDivision : false #######
DEBUG: 2025-02-05 14:03:41,389 com.limenets.eorder.svc.OrderSvc(insertOrderConfirmTransaction:1049) - ####### companyCds2 : ||4635||D||20250307||D||0900||D||2025-02-14||D||786595||,||||4635||D||20250307||D||0900||D||2025-02-14||D||792120||,||||5619||D||20250307||D||0900||D||2025-02-14||D||792120||,||||4635||D||20250307||D||0900||D||2025-02-14||D||786448||,|| #######
DEBUG: 2025-02-05 14:03:41,389 com.limenets.eorder.svc.OrderSvc(insertOrderConfirmTransaction:1110) - companyCds : 4635||D||20250307||D||0900||D||2025-02-14||,||5619||D||20250307||D||0900||D||2025-02-14
DEBUG: 2025-02-05 14:03:41,389 com.limenets.eorder.svc.OrderSvc(insertOrderConfirmTransaction:1112) - companyCdArr.length : 2
DEBUG: 2025-02-05 14:03:41,389 com.limenets.eorder.svc.OrderSvc(insertOrderConfirmTransaction:1141) - ccList : [{idxs=0,1,3, company_cd=4635}, {idxs=2, company_cd=5619}]
DEBUG: 2025-02-05 14:03:41,390 com.limenets.eorder.svc.OrderSvc(insertOrderConfirmTransaction:1150) - firstIdx : 0
DEBUG: 2025-02-05 14:03:41,390 com.limenets.eorder.svc.OrderSvc(insertOrderConfirmTransaction:1201) - ### 주문(분리)확정 > m_custpo : 101781702502054-1, m_remark : 생산요청 제품을 선택하신 경우에는 거래
DEBUG: 2025-02-05 14:03:41,390 eorder.o_order_confirm_h.in(debug:139) - ==>	 Preparing: INSERT INTO O_ORDER_CONFIRM_H( REQ_NO , CUST_PO , CUST_CD , USERID , STATUS_CD , ZIP_CD , ADD1 , ADD2 , REQUEST_DT , COMPANY_CD , TEL1 , TEL2 , BUILDING_TY , SHIPTO_CD , TRANS_TY , REQUEST_TIME , SALESREP_CD , SALESREP_NM , REMARK , CONFIRM_DT , PICKING_DT , RECEIVER , CONFIRMID , CANCEL_DT , CUSTOMMATTER , DUMMY , QUOTE_QT , INTERFACE_DT , INSERT_DT , INSERTID )VALUES( ? , ? , ? , ? , ? , ? , ? , ? , ? , ? , ? , ? , ? , ? , ? , ? , ISNULL(?, '') , ISNULL(?, '') , ? , SUBSTRING(CONVERT(CHAR(19), GETDATE(), 20), 1, 16) , ? , ? , ? , ? , ? , ? , ? , ? , SUBSTRING(CONVERT(CHAR(19), GETDATE(), 20), 1, 16) , ? )
DEBUG: 2025-02-05 14:03:41,391 eorder.o_order_confirm_h.in(debug:139) - ==> Parameters: 101781702502054(String), 101781702502054-1(String), 10178170(String), sorin123(String), 07(String), 44741(String), 울산시 남구 수암로 54번길 11-1(String), 123123(String), 20250307(String), 4635(String), 01086199284(String), 0212349876(String), null, 9005790662(String), AA(String), 0900(String), 80002175(Integer), 김성욱(String), 생산요청 제품을 선택하신 경우에는 거래(String), 20250214(String), 인수자명(String), sorin123(String), null, (String), null, 20464779  (String), null, sorin123(String)
INFO : 2025-02-05 14:03:41,391 jdbc.sqlonly(sqlOccured:74) - SQL : INSERT INTO O_ORDER_CONFIRM_H(
			REQ_NO
			, CUST_PO
			, CUST_CD
			, USERID
			, STATUS_CD
			, ZIP_CD
			, ADD1
			, ADD2
			, REQUEST_DT
			, COMPANY_CD
			, TEL1
			, TEL2
			, BUILDING_TY
			, SHIPTO_CD
			, TRANS_TY
			, REQUEST_TIME
			, SALESREP_CD
			, SALESREP_NM
			, REMARK
			, CONFIRM_DT
			, PICKING_DT
			, RECEIVER
			, CONFIRMID
			, CANCEL_DT
			, CUSTOMMATTER
			, DUMMY
			, QUOTE_QT
			, INTERFACE_DT
			, INSERT_DT
			, INSERTID
		)VALUES(
			'101781702502054'
			, '101781702502054-1'
			, '10178170'
			, 'sorin123'
			, '07'
			, '44741'
			, '울산시 남구 수암로 54번길 11-1'
			, '123123'
			, '20250307'
			, '4635'
			, '01086199284'
			, '0212349876'
			, NULL
			, '9005790662'
			, 'AA'
			, '0900'
			, ISNULL(80002175, '')
			, ISNULL('김성욱', '')
			, '생산요청 제품을 선택하신 경우에는 거래'
			, SUBSTRING(CONVERT(CHAR(19), GETDATE(), 20), 1, 16)
			, '20250214'
			, '인수자명'
			, 'sorin123'
			, NULL
			, ''
			, NULL
			, '20464779	 '
			, NULL
			, SUBSTRING(CONVERT(CHAR(19), GETDATE(), 20), 1, 16)
			, 'sorin123'
		)
DEBUG: 2025-02-05 14:03:41,506 eorder.o_order_confirm_h.in(debug:139) - <==	   Updates: 1
DEBUG: 2025-02-05 14:03:41,507 eorder.o_order_confirm_d.in(debug:139) - ==>	 Preparing: INSERT INTO O_ORDER_CONFIRM_D( CUST_PO , LINE_NO , ITEM_CD , UNIT , QUANTITY , PRICE , INSERT_DT , INSERTID , DUMMY , WEEK , OCD_RETURNCD , OCD_RETURNMSG , OCD_STATUSCD )VALUES( ? , ? , ? , ? , ? , ? , SUBSTRING(CONVERT(CHAR(19), GETDATE(), 20), 1, 16) , ? , ? , ? , ? , ? , ? )
DEBUG: 2025-02-05 14:03:41,508 eorder.o_order_confirm_d.in(debug:139) - ==> Parameters: 101781702502054-1(String), 1000(Integer), 786595(String), PC(String), 111(String), 0(String), sorin123(String), (String), 513		(String), (String), (String), (String)
INFO : 2025-02-05 14:03:41,508 jdbc.sqlonly(sqlOccured:74) - SQL : INSERT INTO O_ORDER_CONFIRM_D(
			CUST_PO
			, LINE_NO
			, ITEM_CD
			, UNIT
			, QUANTITY
			, PRICE
			, INSERT_DT
			, INSERTID
			, DUMMY
			, WEEK
			, OCD_RETURNCD
			, OCD_RETURNMSG
			, OCD_STATUSCD
		)VALUES(
			'101781702502054-1'
			, 1000
			, '786595'
			, 'PC'
			, '111'
			, '0'
			, SUBSTRING(CONVERT(CHAR(19), GETDATE(), 20), 1, 16)
			, 'sorin123'
			, ''
			, '513		 '
			, ''
			, ''
			, ''
		)
DEBUG: 2025-02-05 14:03:41,620 eorder.o_order_confirm_d.in(debug:139) - <==	   Updates: 1
DEBUG: 2025-02-05 14:03:41,621 eorder.o_order_confirm_d.in(debug:139) - ==>	 Preparing: INSERT INTO O_ORDER_CONFIRM_D( CUST_PO , LINE_NO , ITEM_CD , UNIT , QUANTITY , PRICE , INSERT_DT , INSERTID , DUMMY , WEEK , OCD_RETURNCD , OCD_RETURNMSG , OCD_STATUSCD )VALUES( ? , ? , ? , ? , ? , ? , SUBSTRING(CONVERT(CHAR(19), GETDATE(), 20), 1, 16) , ? , ? , ? , ? , ? , ? )
DEBUG: 2025-02-05 14:03:41,621 eorder.o_order_confirm_d.in(debug:139) - ==> Parameters: 101781702502054-1(String), 2000(Integer), 792120(String), PC(String), 100(String), 0(String), sorin123(String), (String), 513		(String), (String), (String), (String)
INFO : 2025-02-05 14:03:41,621 jdbc.sqlonly(sqlOccured:74) - SQL : INSERT INTO O_ORDER_CONFIRM_D(
			CUST_PO
			, LINE_NO
			, ITEM_CD
			, UNIT
			, QUANTITY
			, PRICE
			, INSERT_DT
			, INSERTID
			, DUMMY
			, WEEK
			, OCD_RETURNCD
			, OCD_RETURNMSG
			, OCD_STATUSCD
		)VALUES(
			'101781702502054-1'
			, 2000
			, '792120'
			, 'PC'
			, '100'
			, '0'
			, SUBSTRING(CONVERT(CHAR(19), GETDATE(), 20), 1, 16)
			, 'sorin123'
			, ''
			, '513		 '
			, ''
			, ''
			, ''
		)
DEBUG: 2025-02-05 14:03:41,735 eorder.o_order_confirm_d.in(debug:139) - <==	   Updates: 1
DEBUG: 2025-02-05 14:03:41,736 eorder.o_order_confirm_d.in(debug:139) - ==>	 Preparing: INSERT INTO O_ORDER_CONFIRM_D( CUST_PO , LINE_NO , ITEM_CD , UNIT , QUANTITY , PRICE , INSERT_DT , INSERTID , DUMMY , WEEK , OCD_RETURNCD , OCD_RETURNMSG , OCD_STATUSCD )VALUES( ? , ? , ? , ? , ? , ? , SUBSTRING(CONVERT(CHAR(19), GETDATE(), 20), 1, 16) , ? , ? , ? , ? , ? , ? )
DEBUG: 2025-02-05 14:03:41,737 eorder.o_order_confirm_d.in(debug:139) - ==> Parameters: 101781702502054-1(String), 3000(Integer), 786448(String), PC(String), 222(String), 0(String), sorin123(String), (String), 513		(String), (String), (String), (String)
INFO : 2025-02-05 14:03:41,737 jdbc.sqlonly(sqlOccured:74) - SQL : INSERT INTO O_ORDER_CONFIRM_D(
			CUST_PO
			, LINE_NO
			, ITEM_CD
			, UNIT
			, QUANTITY
			, PRICE
			, INSERT_DT
			, INSERTID
			, DUMMY
			, WEEK
			, OCD_RETURNCD
			, OCD_RETURNMSG
			, OCD_STATUSCD
		)VALUES(
			'101781702502054-1'
			, 3000
			, '786448'
			, 'PC'
			, '222'
			, '0'
			, SUBSTRING(CONVERT(CHAR(19), GETDATE(), 20), 1, 16)
			, 'sorin123'
			, ''
			, '513		 '
			, ''
			, ''
			, ''
		)
DEBUG: 2025-02-05 14:03:41,851 eorder.o_order_confirm_d.in(debug:139) - <==	   Updates: 1
DEBUG: 2025-02-05 14:03:41,852 com.limenets.eorder.svc.OrderSvc(insertOrderConfirmTransaction:1150) - firstIdx : 2
DEBUG: 2025-02-05 14:03:41,853 com.limenets.eorder.svc.OrderSvc(insertOrderConfirmTransaction:1201) - ### 주문(분리)확정 > m_custpo : 101781702502054-2, m_remark : 생산요청 제품을 선택하신 경우에는 거래
DEBUG: 2025-02-05 14:03:41,853 eorder.o_order_confirm_h.in(debug:139) - ==>	 Preparing: INSERT INTO O_ORDER_CONFIRM_H( REQ_NO , CUST_PO , CUST_CD , USERID , STATUS_CD , ZIP_CD , ADD1 , ADD2 , REQUEST_DT , COMPANY_CD , TEL1 , TEL2 , BUILDING_TY , SHIPTO_CD , TRANS_TY , REQUEST_TIME , SALESREP_CD , SALESREP_NM , REMARK , CONFIRM_DT , PICKING_DT , RECEIVER , CONFIRMID , CANCEL_DT , CUSTOMMATTER , DUMMY , QUOTE_QT , INTERFACE_DT , INSERT_DT , INSERTID )VALUES( ? , ? , ? , ? , ? , ? , ? , ? , ? , ? , ? , ? , ? , ? , ? , ? , ISNULL(?, '') , ISNULL(?, '') , ? , SUBSTRING(CONVERT(CHAR(19), GETDATE(), 20), 1, 16) , ? , ? , ? , ? , ? , ? , ? , ? , SUBSTRING(CONVERT(CHAR(19), GETDATE(), 20), 1, 16) , ? )
DEBUG: 2025-02-05 14:03:41,853 eorder.o_order_confirm_h.in(debug:139) - ==> Parameters: 101781702502054(String), 101781702502054-2(String), 10178170(String), sorin123(String), 07(String), 44741(String), 울산시 남구 수암로 54번길 11-1(String), 123123(String), 20250307(String), 5619(String), 01086199284(String), 0212349876(String), null, 9005790662(String), AA(String), 0900(String), 80002175(Integer), 김성욱(String), 생산요청 제품을 선택하신 경우에는 거래(String), 20250214(String), 인수자명(String), sorin123(String), null, (String), null, 20464779  (String), null, sorin123(String)
INFO : 2025-02-05 14:03:41,854 jdbc.sqlonly(sqlOccured:74) - SQL : INSERT INTO O_ORDER_CONFIRM_H(
			REQ_NO
			, CUST_PO
			, CUST_CD
			, USERID
			, STATUS_CD
			, ZIP_CD
			, ADD1
			, ADD2
			, REQUEST_DT
			, COMPANY_CD
			, TEL1
			, TEL2
			, BUILDING_TY
			, SHIPTO_CD
			, TRANS_TY
			, REQUEST_TIME
			, SALESREP_CD
			, SALESREP_NM
			, REMARK
			, CONFIRM_DT
			, PICKING_DT
			, RECEIVER
			, CONFIRMID
			, CANCEL_DT
			, CUSTOMMATTER
			, DUMMY
			, QUOTE_QT
			, INTERFACE_DT
			, INSERT_DT
			, INSERTID
		)VALUES(
			'101781702502054'
			, '101781702502054-2'
			, '10178170'
			, 'sorin123'
			, '07'
			, '44741'
			, '울산시 남구 수암로 54번길 11-1'
			, '123123'
			, '20250307'
			, '5619'
			, '01086199284'
			, '0212349876'
			, NULL
			, '9005790662'
			, 'AA'
			, '0900'
			, ISNULL(80002175, '')
			, ISNULL('김성욱', '')
			, '생산요청 제품을 선택하신 경우에는 거래'
			, SUBSTRING(CONVERT(CHAR(19), GETDATE(), 20), 1, 16)
			, '20250214'
			, '인수자명'
			, 'sorin123'
			, NULL
			, ''
			, NULL
			, '20464779	 '
			, NULL
			, SUBSTRING(CONVERT(CHAR(19), GETDATE(), 20), 1, 16)
			, 'sorin123'
		)
DEBUG: 2025-02-05 14:03:41,966 eorder.o_order_confirm_h.in(debug:139) - <==	   Updates: 1
DEBUG: 2025-02-05 14:03:41,967 eorder.o_order_confirm_d.in(debug:139) - ==>	 Preparing: INSERT INTO O_ORDER_CONFIRM_D( CUST_PO , LINE_NO , ITEM_CD , UNIT , QUANTITY , PRICE , INSERT_DT , INSERTID , DUMMY , WEEK , OCD_RETURNCD , OCD_RETURNMSG , OCD_STATUSCD )VALUES( ? , ? , ? , ? , ? , ? , SUBSTRING(CONVERT(CHAR(19), GETDATE(), 20), 1, 16) , ? , ? , ? , ? , ? , ? )
DEBUG: 2025-02-05 14:03:41,967 eorder.o_order_confirm_d.in(debug:139) - ==> Parameters: 101781702502054-2(String), 1000(Integer), 792120(String), PC(String), 23(String), 0(String), sorin123(String), (String), 513	   (String), (String), (String), (String)
INFO : 2025-02-05 14:03:41,968 jdbc.sqlonly(sqlOccured:74) - SQL : INSERT INTO O_ORDER_CONFIRM_D(
			CUST_PO
			, LINE_NO
			, ITEM_CD
			, UNIT
			, QUANTITY
			, PRICE
			, INSERT_DT
			, INSERTID
			, DUMMY
			, WEEK
			, OCD_RETURNCD
			, OCD_RETURNMSG
			, OCD_STATUSCD
		)VALUES(
			'101781702502054-2'
			, 1000
			, '792120'
			, 'PC'
			, '23'
			, '0'
			, SUBSTRING(CONVERT(CHAR(19), GETDATE(), 20), 1, 16)
			, 'sorin123'
			, ''
			, '513		 '
			, ''
			, ''
			, ''
		)
DEBUG: 2025-02-05 14:03:42,079 eorder.o_order_confirm_d.in(debug:139) - <==	   Updates: 1
DEBUG: 2025-02-05 14:03:42,079 eorder.o_cust_order_h.up(debug:139) - ==>  Preparing: UPDATE O_CUST_ORDER_H SET STATUS_CD = ?, UPDATEID = ?, UPDATE_DT = SUBSTRING(CONVERT(CHAR(19), GETDATE(), 20), 1, 16), MODATE = GETDATE() WHERE REQ_NO = ?
DEBUG: 2025-02-05 14:03:42,080 eorder.o_cust_order_h.up(debug:139) - ==> Parameters: 07(String), sorin123(String), 101781702502054(String)
INFO : 2025-02-05 14:03:42,080 jdbc.sqlonly(sqlOccured:74) - SQL : UPDATE O_CUST_ORDER_H
		 SET STATUS_CD = '07',
			UPDATEID = 'sorin123',
			UPDATE_DT = SUBSTRING(CONVERT(CHAR(19), GETDATE(), 20), 1, 16),
			MODATE = GETDATE()
		 WHERE	REQ_NO = '101781702502054'
DEBUG: 2025-02-05 14:03:42,191 eorder.o_cust_order_h.up(debug:139) - <==	Updates: 1
DEBUG: 2025-02-05 14:03:42,192 eorder.orderHeaderHistory.in!selectKey(debug:139) - ==>	Preparing: SELECT MAX(OHH_SEQ)+1 FROM ORDERHEADERHISTORY;
DEBUG: 2025-02-05 14:03:42,193 eorder.orderHeaderHistory.in!selectKey(debug:139) - ==> Parameters:
INFO : 2025-02-05 14:03:42,193 jdbc.sqlonly(sqlOccured:74) - SQL : SELECT MAX(OHH_SEQ)+1 FROM ORDERHEADERHISTORY;
DEBUG: 2025-02-05 14:03:42,305 eorder.orderHeaderHistory.in!selectKey(debug:139) - <==		Total: 1
DEBUG: 2025-02-05 14:03:42,306 eorder.orderHeaderHistory.in(debug:139) - ==>  Preparing: INSERT INTO ORDERHEADERHISTORY( OHH_SEQ, OHH_REQNO, OHH_REQNOREF, OHH_STATUSCD, OHH_MEMO, OHH_INID, OHH_INDATE )VALUES( ? , ? , ? , ? , ? , ? , GETDATE() )
DEBUG: 2025-02-05 14:03:42,306 eorder.orderHeaderHistory.in(debug:139) - ==> Parameters: 627102(Long), 101781702502054(String), null, 07(String), 주문확정(분리)(String), sorin123(String)
INFO : 2025-02-05 14:03:42,306 jdbc.sqlonly(sqlOccured:74) - SQL : INSERT INTO ORDERHEADERHISTORY(
			OHH_SEQ,
			OHH_REQNO,
			OHH_REQNOREF,
			OHH_STATUSCD,
			OHH_MEMO,
			OHH_INID,
			OHH_INDATE
		)VALUES(
			627102
			, '101781702502054'
			, NULL
			, '07'
			, '주문확정(분리)'
			, 'sorin123'
			, GETDATE()
		)
DEBUG: 2025-02-05 14:03:42,417 eorder.orderHeaderHistory.in(debug:139) - <==	Updates: 1
DEBUG: 2025-02-05 14:03:42,418 eorder.o_user.listForAppPush(debug:139) - ==>  Preparing: SELECT * FROM O_USER WHERE ( USER_APPPUSHKEY IS NOT NULL AND ISNULL(USER_APPPUSHKEY, ' ') != ' ' ) AND USERID = ? AND USER_APPPUSHYN1 = ?
DEBUG: 2025-02-05 14:03:42,418 eorder.o_user.listForAppPush(debug:139) - ==> Parameters: sorin123(String), Y(String)
INFO : 2025-02-05 14:03:42,418 jdbc.sqlonly(sqlOccured:74) - SQL : SELECT * FROM O_USER
		 WHERE	( USER_APPPUSHKEY IS NOT NULL AND ISNULL(USER_APPPUSHKEY, ' ') != ' ' )
			AND USERID = 'sorin123'
			AND USER_APPPUSHYN1 = 'Y'
DEBUG: 2025-02-05 14:03:42,531 eorder.o_user.listForAppPush(debug:139) - <==	  Total: 0
DEBUG: 2025-02-05 14:03:45,092 com.limenets.eorder.aop.AdminCheck(ex:49) - getTarget : com.limenets.eorder.ctrl.admin.OrderCtrl@70eede42
DEBUG: 2025-02-05 14:03:45,093 com.limenets.eorder.aop.AdminCheck(ex:54) - loginDto : com.limenets.common.dto.LoginDto@2f9ddd
DEBUG: 2025-02-05 14:03:45,094 com.limenets.eorder.aop.AdminCheck(ex:69) - [A]l_remoteIP : 0
DEBUG: 2025-02-05 14:03:45,094 com.limenets.eorder.aop.AdminCheck(ex:70) - [A]h_remoteIP : 0
DEBUG: 2025-02-05 14:03:45,094 com.limenets.eorder.aop.AdminCheck(ex:73) - [A]SessId_DTO : 9DA1450732653F31F9428BBF9E92C617
DEBUG: 2025-02-05 14:03:45,099 com.limenets.eorder.aop.AdminCheck(ex:74) - [A]SessId_SESS : 9DA1450732653F31F9428BBF9E92C617
DEBUG: 2025-02-05 14:03:45,100 com.limenets.eorder.aop.AdminCheck(ex:75) - [A]Authority : AD
DEBUG: 2025-02-05 14:03:45,101 com.limenets.eorder.aop.AdminCheck(ex:76) - [A]ServletPath : /admin/order/orderList.lime
DEBUG: 2025-02-05 14:03:45,101 com.limenets.eorder.aop.AdminCheck(ex:77) - [A]FirstLogin : N
DEBUG: 2025-02-05 14:03:45,102 com.limenets.eorder.aop.AdminCheck(ex:103) - paramMap : {fromOrderView=Y}
DEBUG: 2025-02-05 14:03:45,103 com.limenets.eorder.svc.MenuSvc(getNowMnSeq:43) - url : /admin/order/orderList.lime
DEBUG: 2025-02-05 14:03:45,678 eorder.menu.menuUrl(debug:139) - ==>	 Preparing: SELECT * FROM MENUURL WHERE MU_URL = ?
DEBUG: 2025-02-05 14:03:45,679 eorder.menu.menuUrl(debug:139) - ==> Parameters: /admin/order/orderList.lime(String)
INFO : 2025-02-05 14:03:45,679 jdbc.sqlonly(sqlOccured:74) - SQL : SELECT *
		FROM MENUURL
		 WHERE	MU_URL = '/admin/order/orderList.lime'
DEBUG: 2025-02-05 14:03:45,790 eorder.menu.menuUrl(debug:139) - <==		 Total: 1
DEBUG: 2025-02-05 14:03:45,791 com.limenets.eorder.svc.MenuSvc(getNowMnSeq:72) - dbParam : {}
DEBUG: 2025-02-05 14:03:45,791 com.limenets.eorder.svc.MenuSvc(getNowMnSeq:73) - urlParam : {fromOrderView=Y}
DEBUG: 2025-02-05 14:03:45,792 com.limenets.eorder.aop.AdminCheck(ex:107) - mnSeq : 13
DEBUG: 2025-02-05 14:03:46,360 eorder.o_user.list(debug:139) - ==>	Preparing: SELECT * FROM (SELECT ROW_NUMBER() OVER( ORDER BY USER_SORT2 ASC ) AS ROWNUM , XX.* FROM ( SELECT LIST.* FROM ( SELECT US.*, CU.CUST_NM , CASE WHEN (US.AUTHORITY = 'SH' OR US.AUTHORITY = 'SM' OR US.AUTHORITY = 'SR') THEN (SELECT (SELECT USER_NM FROM O_USER WHERE USERID = CSM.CSUSERID)FROM O_CSSALESMAP CSM WHERE CSM.SALESUSERID = US.USERID AND CSM.FIXEDYN = 'Y') ELSE '' END CS_SALESUSER , CASE WHEN (US.AUTHORITY = 'SH' OR US.AUTHORITY = 'SM' OR US.AUTHORITY = 'SR') THEN (SELECT COUNT(*) FROM O_CUSTOMER WHERE SALESREP_CD = US.USERID) ELSE -1 END CUSTOMER_CNT FROM O_USER US LEFT JOIN O_CUSTOMER CU ON CU.CUST_CD = US.CUST_CD WHERE USERID NOT IN ('9', '1', '2','3', '4', '5', '6') AND US.AUTHORITY = ? ) LIST ) XX ) S
DEBUG: 2025-02-05 14:03:46,361 eorder.o_user.list(debug:139) - ==> Parameters: CS(String)
INFO : 2025-02-05 14:03:46,361 jdbc.sqlonly(sqlOccured:74) - SQL : SELECT * FROM (SELECT
			ROW_NUMBER() OVER(
				 ORDER BY USER_SORT2 ASC
			) AS ROWNUM
			, XX.*
		FROM (
		SELECT LIST.* FROM (
		SELECT US.*, CU.CUST_NM
			, CASE WHEN (US.AUTHORITY = 'SH' OR US.AUTHORITY = 'SM' OR US.AUTHORITY = 'SR') THEN (SELECT (SELECT USER_NM FROM O_USER WHERE USERID = CSM.CSUSERID)FROM O_CSSALESMAP CSM WHERE CSM.SALESUSERID = US.USERID AND CSM.FIXEDYN = 'Y')
				ELSE '' END CS_SALESUSER
			, CASE WHEN (US.AUTHORITY = 'SH' OR US.AUTHORITY = 'SM' OR US.AUTHORITY = 'SR') THEN (SELECT COUNT(*) FROM O_CUSTOMER WHERE SALESREP_CD = US.USERID)
				ELSE -1 END CUSTOMER_CNT
		FROM O_USER US
		LEFT JOIN O_CUSTOMER CU ON CU.CUST_CD = US.CUST_CD
		 WHERE	USERID NOT IN ('9', '1', '2','3', '4', '5', '6')
			AND US.AUTHORITY = 'CS'
		) LIST
		) XX ) S
DEBUG: 2025-02-05 14:03:46,475 eorder.o_user.list(debug:139) - <==		Total: 13
DEBUG: 2025-02-05 14:03:46,593 com.limenets.eorder.aop.AdminCheck(ex:49) - getTarget : com.limenets.eorder.ctrl.admin.OrderCtrl@70eede42
DEBUG: 2025-02-05 14:03:46,593 com.limenets.eorder.aop.AdminCheck(ex:54) - loginDto : com.limenets.common.dto.LoginDto@2f9ddd
DEBUG: 2025-02-05 14:03:46,594 com.limenets.eorder.aop.AdminCheck(ex:69) - [A]l_remoteIP : 0
DEBUG: 2025-02-05 14:03:46,594 com.limenets.eorder.aop.AdminCheck(ex:70) - [A]h_remoteIP : 0
DEBUG: 2025-02-05 14:03:46,594 com.limenets.eorder.aop.AdminCheck(ex:73) - [A]SessId_DTO : 9DA1450732653F31F9428BBF9E92C617
DEBUG: 2025-02-05 14:03:46,594 com.limenets.eorder.aop.AdminCheck(ex:74) - [A]SessId_SESS : 9DA1450732653F31F9428BBF9E92C617
DEBUG: 2025-02-05 14:03:46,594 com.limenets.eorder.aop.AdminCheck(ex:75) - [A]Authority : AD
DEBUG: 2025-02-05 14:03:46,594 com.limenets.eorder.aop.AdminCheck(ex:76) - [A]ServletPath : /admin/order/getOrderHeaderListAjax.lime
DEBUG: 2025-02-05 14:03:46,594 com.limenets.eorder.aop.AdminCheck(ex:77) - [A]FirstLogin : N
DEBUG: 2025-02-05 14:03:46,595 com.limenets.eorder.aop.AdminCheck(ex:103) - paramMap : {r_insdate=2025-02-05, rl_reqno=, rl_salesusernm=, r_csuserid=, r_inedate=2025-02-05, rows=10, _search=false, r_custnm=, r_shiptocd=, nd=1738731826587, page=1, sord=desc, ri_statuscds=00, sidx=}
DEBUG: 2025-02-05 14:03:46,595 com.limenets.eorder.svc.MenuSvc(getNowMnSeq:43) - url : /admin/order/getOrderHeaderListAjax.lime
DEBUG: 2025-02-05 14:03:47,171 eorder.menu.menuUrl(debug:139) - ==>	 Preparing: SELECT * FROM MENUURL WHERE MU_URL = ?
DEBUG: 2025-02-05 14:03:47,171 eorder.menu.menuUrl(debug:139) - ==> Parameters: /admin/order/getOrderHeaderListAjax.lime(String)
INFO : 2025-02-05 14:03:47,172 jdbc.sqlonly(sqlOccured:74) - SQL : SELECT *
		FROM MENUURL
		 WHERE	MU_URL = '/admin/order/getOrderHeaderListAjax.lime'
DEBUG: 2025-02-05 14:03:47,283 eorder.menu.menuUrl(debug:139) - <==		 Total: 1
DEBUG: 2025-02-05 14:03:47,284 com.limenets.eorder.svc.MenuSvc(getNowMnSeq:72) - dbParam : {}
DEBUG: 2025-02-05 14:03:47,284 com.limenets.eorder.svc.MenuSvc(getNowMnSeq:73) - urlParam : {r_insdate=2025-02-05, rl_reqno=, rl_salesusernm=, r_csuserid=, r_inedate=2025-02-05, rows=10, _search=false, r_custnm=, r_shiptocd=, nd=1738731826587, page=1, sord=desc, ri_statuscds=00, sidx=}
DEBUG: 2025-02-05 14:03:47,285 com.limenets.eorder.aop.AdminCheck(ex:107) - mnSeq : 13
DEBUG: 2025-02-05 14:03:47,860 eorder.o_cust_order_h.cnt(debug:139) - ==>  Preparing: SELECT COUNT(*) FROM O_CUST_ORDER_H COH LEFT JOIN O_CUSTOMER CU ON COH.CUST_CD = CU.CUST_CD LEFT JOIN O_SHIPTO ST ON COH.SHIPTO_CD = ST.SHIPTO_CD LEFT JOIN O_USER US_SALES ON CU.SALESREP_CD = US_SALES.USERID WHERE COH.INDATE >= CONVERT(DATE, ?) AND COH.INDATE < DATEADD(day, 1,CONVERT(DATE, ?)) AND COH.STATUS_CD IN (?)
DEBUG: 2025-02-05 14:03:47,860 eorder.o_cust_order_h.cnt(debug:139) - ==> Parameters: 2025-02-05(String), 2025-02-05(String), 00(String)
INFO : 2025-02-05 14:03:47,861 jdbc.sqlonly(sqlOccured:74) - SQL : SELECT COUNT(*)
		FROM O_CUST_ORDER_H COH
			LEFT JOIN O_CUSTOMER CU ON COH.CUST_CD = CU.CUST_CD
			LEFT JOIN O_SHIPTO ST ON COH.SHIPTO_CD = ST.SHIPTO_CD
			LEFT JOIN O_USER US_SALES ON CU.SALESREP_CD = US_SALES.USERID
		 WHERE	COH.INDATE >= CONVERT(DATE, '2025-02-05')
				AND COH.INDATE < DATEADD(day, 1,CONVERT(DATE, '2025-02-05'))
				AND COH.STATUS_CD IN ('00')
DEBUG: 2025-02-05 14:03:47,998 eorder.o_cust_order_h.cnt(debug:139) - <==	   Total: 1
DEBUG: 2025-02-05 14:03:48,569 eorder.o_cust_order_h.list(debug:139) - ==>	Preparing: SELECT * FROM (SELECT ROW_NUMBER() OVER( ORDER BY XX.INDATE DESC ) AS ROWNUM , XX.* FROM ( SELECT COH.* , (SELECT USER_NM FROM O_USER WHERE RTRIM(USERID) = RTRIM(COH.USERID)) AS USER_NM , CU.CUST_NM , ST.SHIPTO_NM , ( SELECT TOP 1 salesrep_cd FROM o_order_confirm_h oc WHERE COH.REQ_NO = oc.REQ_NO) AS SALESUSERID , ( SELECT TOP 1 salesrep_nm FROM o_order_confirm_h oc WHERE COH.REQ_NO = oc.REQ_NO) AS SALESUSER_NM , (SELECT CSUSERID FROM O_CSSALESMAP WHERE SALESUSERID = US_SALES.USERID AND FIXEDYN = 'Y') AS CSUSERID , (SELECT SUB1.USER_NM FROM O_USER SUB1, O_CSSALESMAP SUB2 WHERE SUB1.USERID = SUB2.CSUSERID AND SUB2.SALESUSERID = US_SALES.USERID AND SUB2.FIXEDYN = 'Y') AS CSUSER_NM , (SELECT COUNT(*) FROM O_CUST_ORDER_D WHERE REQ_NO = COH.REQ_NO) AS ITEM_CNT , (SELECT TOP 1 CONFIRM_DT FROM O_ORDER_CONFIRM_H WHERE REQ_NO = COH.REQ_NO) AS CONFIRM_DT2 , QM.QMS_TEMP_ID FROM O_CUST_ORDER_H COH LEFT OUTER JOIN QMS_PRE_MAST QM ON QM.REQ_NO = COH.REQ_NO AND QM.DELETEYN = 'N' LEFT JOIN O_CUSTOMER CU ON COH.CUST_CD = CU.CUST_CD LEFT JOIN O_SHIPTO ST ON COH.SHIPTO_CD = ST.SHIPTO_CD LEFT JOIN O_USER US_SALES ON CU.SALESREP_CD = US_SALES.USERID WHERE COH.INDATE >= CONVERT(DATE, ?) AND COH.INDATE < DATEADD(day, 1,CONVERT(DATE, ?)) AND COH.STATUS_CD IN (?) ) XX ) S WHERE ROWNUM BETWEEN ? AND ?
DEBUG: 2025-02-05 14:03:48,570 eorder.o_cust_order_h.list(debug:139) - ==> Parameters: 2025-02-05(String), 2025-02-05(String), 00(String), 1(Integer), 10(Integer)
INFO : 2025-02-05 14:03:48,570 jdbc.sqlonly(sqlOccured:74) - SQL : SELECT * FROM (SELECT
			ROW_NUMBER() OVER(
			 ORDER BY XX.INDATE DESC
			) AS ROWNUM
			, XX.* FROM (
			SELECT COH.*
				, (SELECT USER_NM FROM O_USER WHERE RTRIM(USERID) = RTRIM(COH.USERID)) AS USER_NM
				, CU.CUST_NM
				, ST.SHIPTO_NM
				, ( SELECT TOP 1 salesrep_cd FROM o_order_confirm_h oc WHERE COH.REQ_NO = oc.REQ_NO) AS SALESUSERID
				, ( SELECT TOP 1 salesrep_nm FROM o_order_confirm_h oc WHERE COH.REQ_NO = oc.REQ_NO) AS SALESUSER_NM
				, (SELECT CSUSERID FROM O_CSSALESMAP WHERE SALESUSERID = US_SALES.USERID AND FIXEDYN = 'Y') AS CSUSERID
				, (SELECT SUB1.USER_NM FROM O_USER SUB1, O_CSSALESMAP SUB2 WHERE SUB1.USERID = SUB2.CSUSERID AND SUB2.SALESUSERID = US_SALES.USERID AND SUB2.FIXEDYN = 'Y') AS CSUSER_NM
				, (SELECT COUNT(*) FROM O_CUST_ORDER_D WHERE REQ_NO = COH.REQ_NO) AS ITEM_CNT
				, (SELECT TOP 1 CONFIRM_DT FROM O_ORDER_CONFIRM_H WHERE REQ_NO = COH.REQ_NO) AS CONFIRM_DT2
				, QM.QMS_TEMP_ID
			FROM O_CUST_ORDER_H COH
				LEFT OUTER JOIN QMS_PRE_MAST QM ON QM.REQ_NO = COH.REQ_NO AND QM.DELETEYN = 'N'
				LEFT JOIN O_CUSTOMER CU ON COH.CUST_CD = CU.CUST_CD
				LEFT JOIN O_SHIPTO ST ON COH.SHIPTO_CD = ST.SHIPTO_CD
				LEFT JOIN O_USER US_SALES ON CU.SALESREP_CD = US_SALES.USERID
			 WHERE	COH.INDATE >= CONVERT(DATE, '2025-02-05')
				AND COH.INDATE < DATEADD(day, 1,CONVERT(DATE, '2025-02-05'))
					AND COH.STATUS_CD IN ('00')
			) XX
		) S
		 WHERE ROWNUM BETWEEN 1 AND 10
DEBUG: 2025-02-05 14:03:48,683 eorder.o_cust_order_h.list(debug:139) - <==		Total: 0