DEBUG: 2025-01-22 17:21:18,418 com.limenets.eorder.aop.AdminCheck(ex:49) - getTarget : com.limenets.eorder.ctrl.admin.OrderCtrl@70eede42
DEBUG: 2025-01-22 17:21:18,419 com.limenets.eorder.aop.AdminCheck(ex:54) - loginDto : com.limenets.common.dto.LoginDto@ab811cc
DEBUG: 2025-01-22 17:21:18,419 com.limenets.eorder.aop.AdminCheck(ex:69) - [A]l_remoteIP : 0
DEBUG: 2025-01-22 17:21:18,420 com.limenets.eorder.aop.AdminCheck(ex:70) - [A]h_remoteIP : 0
DEBUG: 2025-01-22 17:21:18,420 com.limenets.eorder.aop.AdminCheck(ex:73) - [A]SessId_DTO : A7C205A219DC1B59F2F947DADCDA01CA
DEBUG: 2025-01-22 17:21:18,420 com.limenets.eorder.aop.AdminCheck(ex:74) - [A]SessId_SESS : A7C205A219DC1B59F2F947DADCDA01CA
DEBUG: 2025-01-22 17:21:18,421 com.limenets.eorder.aop.AdminCheck(ex:75) - [A]Authority : AD
DEBUG: 2025-01-22 17:21:18,421 com.limenets.eorder.aop.AdminCheck(ex:76) - [A]ServletPath : /admin/order/orderView.lime
DEBUG: 2025-01-22 17:21:18,422 com.limenets.eorder.aop.AdminCheck(ex:77) - [A]FirstLogin : N
DEBUG: 2025-01-22 17:21:18,422 com.limenets.eorder.aop.AdminCheck(ex:103) - paramMap : {r_reqno=100220402501201, qmsTempId=null}
DEBUG: 2025-01-22 17:21:18,422 com.limenets.eorder.svc.MenuSvc(getNowMnSeq:43) - url : /admin/order/orderView.lime
DEBUG: 2025-01-22 17:21:18,933 eorder.menu.menuUrl(debug:139) - ==>	 Preparing: SELECT * FROM MENUURL WHERE MU_URL = ?
DEBUG: 2025-01-22 17:21:18,934 eorder.menu.menuUrl(debug:139) - ==> Parameters: /admin/order/orderView.lime(String)
INFO : 2025-01-22 17:21:18,934 jdbc.sqlonly(sqlOccured:74) - SQL : SELECT *
		FROM MENUURL
		 WHERE	MU_URL = '/admin/order/orderView.lime'
DEBUG: 2025-01-22 17:21:19,034 eorder.menu.menuUrl(debug:139) - <==		 Total: 1
DEBUG: 2025-01-22 17:21:19,035 com.limenets.eorder.svc.MenuSvc(getNowMnSeq:72) - dbParam : {}
DEBUG: 2025-01-22 17:21:19,035 com.limenets.eorder.svc.MenuSvc(getNowMnSeq:73) - urlParam : {r_reqno=100220402501201, qmsTempId=null}
DEBUG: 2025-01-22 17:21:19,036 com.limenets.eorder.aop.AdminCheck(ex:107) - mnSeq : 13
DEBUG: 2025-01-22 17:21:19,564 eorder.o_cust_order_h.one(debug:139) - ==>  Preparing: SELECT COH.* , (SELECT USER_NM FROM O_USER WHERE RTRIM(USERID) = RTRIM(COH.USERID)) AS USER_NM , CU.CUST_NM , ST.SHIPTO_NM , ST.QUOTE_QT , CASE WHEN ( SELECT max(salesrep_cd) FROM o_order_confirm_h oc WHERE COH.REQ_NO = oc.REQ_NO) IS NULL THEN CU.salesrep_cd ELSE ( SELECT max(salesrep_cd) FROM o_order_confirm_h oc WHERE COH.REQ_NO = oc.REQ_NO) END AS SALESUSERID , CASE WHEN ( SELECT max(salesrep_nm) FROM o_order_confirm_h oc WHERE COH.REQ_NO = oc.REQ_NO) IS NULL THEN CU.salesrep_nm ELSE ( SELECT max(salesrep_nm) FROM o_order_confirm_h oc WHERE COH.REQ_NO = oc.REQ_NO) END AS SALESUSER_NM , (SELECT CSUSERID FROM O_CSSALESMAP WHERE SALESUSERID = US_SALES.USERID AND FIXEDYN = 'Y') AS CSUSERID , (SELECT SUB1.USER_NM FROM O_USER SUB1, O_CSSALESMAP SUB2 WHERE SUB1.USERID = SUB2.CSUSERID AND SUB2.SALESUSERID = US_SALES.USERID AND SUB2.FIXEDYN = 'Y') AS CSUSER_NM , (SELECT CC_NAME FROM COMMONCODE WHERE CC_PARENT='C01' AND CC_CODE = COH.RETURN_CD) AS RETURN_REASON FROM O_CUST_ORDER_H COH LEFT JOIN O_CUSTOMER CU ON COH.CUST_CD = CU.CUST_CD LEFT JOIN O_SHIPTO ST ON COH.SHIPTO_CD = ST.SHIPTO_CD LEFT JOIN O_USER US_SALES ON CU.SALESREP_CD = US_SALES.USERID WHERE COH.REQ_NO = ?
DEBUG: 2025-01-22 17:21:19,565 eorder.o_cust_order_h.one(debug:139) - ==> Parameters: 100220402501201(String)
INFO : 2025-01-22 17:21:19,565 jdbc.sqlonly(sqlOccured:74) - SQL : SELECT COH.*
			, (SELECT USER_NM FROM O_USER WHERE RTRIM(USERID) = RTRIM(COH.USERID)) AS USER_NM
			, CU.CUST_NM
			, ST.SHIPTO_NM
			, ST.QUOTE_QT
			, CASE
				WHEN ( SELECT max(salesrep_cd) FROM o_order_confirm_h oc WHERE COH.REQ_NO = oc.REQ_NO) IS NULL THEN CU.salesrep_cd
				ELSE ( SELECT max(salesrep_cd) FROM o_order_confirm_h oc WHERE COH.REQ_NO = oc.REQ_NO)
			  END AS SALESUSERID
			, CASE
				WHEN ( SELECT max(salesrep_nm) FROM o_order_confirm_h oc WHERE COH.REQ_NO = oc.REQ_NO) IS NULL THEN CU.salesrep_nm
				ELSE ( SELECT max(salesrep_nm) FROM o_order_confirm_h oc WHERE COH.REQ_NO = oc.REQ_NO)
			  END AS SALESUSER_NM
			, (SELECT CSUSERID FROM O_CSSALESMAP WHERE SALESUSERID = US_SALES.USERID AND FIXEDYN = 'Y') AS CSUSERID
			, (SELECT SUB1.USER_NM FROM O_USER SUB1, O_CSSALESMAP SUB2 WHERE SUB1.USERID = SUB2.CSUSERID AND SUB2.SALESUSERID = US_SALES.USERID AND SUB2.FIXEDYN = 'Y') AS CSUSER_NM
			, (SELECT CC_NAME FROM COMMONCODE WHERE CC_PARENT='C01' AND CC_CODE = COH.RETURN_CD) AS RETURN_REASON
		FROM O_CUST_ORDER_H COH
			LEFT JOIN O_CUSTOMER CU ON COH.CUST_CD = CU.CUST_CD
			LEFT JOIN O_SHIPTO ST ON COH.SHIPTO_CD = ST.SHIPTO_CD
			LEFT JOIN O_USER US_SALES ON CU.SALESREP_CD = US_SALES.USERID
		 WHERE	COH.REQ_NO = '100220402501201'
DEBUG: 2025-01-22 17:21:19,670 eorder.o_cust_order_h.one(debug:139) - <==	   Total: 1
DEBUG: 2025-01-22 17:21:20,183 eorder.o_cust_order_d.list(debug:139) - ==>	Preparing: SELECT * FROM ( SELECT ROW_NUMBER() OVER( ORDER BY XX.LINE_NO ASC ) AS ROWNUM , XX.* FROM ( SELECT COD.* , COH.CUST_CD, COH.SHIPTO_CD , IT.DESC1, IT.DESC2 , ITI.* , (SELECT COUNT(*) FROM ITEMRECOMMEND WHERE ITR_ITEMCD = COD.ITEM_CD) AS RECOMMEND_ITEM_COUNT , CASE WHEN SALES_CD1 = 'A' AND (SALES_CD2 IN ('02','06','US1') OR (SALES_CD2 = '76' AND PLAN_FMLY = 'H15' ) ) THEN 'Y' ELSE 'N' END AS FIREPROOF_YN FROM O_CUST_ORDER_D COD LEFT JOIN O_CUST_ORDER_H COH ON COD.REQ_NO = COH.REQ_NO LEFT JOIN O_ITEM_NEW IT ON COD.ITEM_CD = IT.ITEM_CD LEFT JOIN ITEMINFO ITI ON COD.ITEM_CD = ITI.ITI_ITEMCD WHERE COD.REQ_NO = ? ) XX ) S
DEBUG: 2025-01-22 17:21:20,184 eorder.o_cust_order_d.list(debug:139) - ==> Parameters: 100220402501201(String)
INFO : 2025-01-22 17:21:20,185 jdbc.sqlonly(sqlOccured:74) - SQL : SELECT * FROM (
			SELECT ROW_NUMBER() OVER(
			 ORDER BY XX.LINE_NO ASC
			) AS ROWNUM
			, XX.* FROM (
			SELECT COD.*
				, COH.CUST_CD, COH.SHIPTO_CD
				, IT.DESC1, IT.DESC2
				, ITI.*
				, (SELECT COUNT(*) FROM ITEMRECOMMEND WHERE ITR_ITEMCD = COD.ITEM_CD) AS RECOMMEND_ITEM_COUNT
				, CASE WHEN SALES_CD1 = 'A' AND (SALES_CD2 IN ('02','06','US1') OR (SALES_CD2 = '76' AND PLAN_FMLY = 'H15' ) ) THEN 'Y' ELSE 'N' END AS FIREPROOF_YN
			FROM O_CUST_ORDER_D COD
				LEFT JOIN O_CUST_ORDER_H COH ON COD.REQ_NO = COH.REQ_NO
				LEFT JOIN O_ITEM_NEW IT ON COD.ITEM_CD = IT.ITEM_CD
				LEFT JOIN ITEMINFO ITI ON COD.ITEM_CD = ITI.ITI_ITEMCD
			 WHERE	COD.REQ_NO = '100220402501201'
			) XX
		) S
DEBUG: 2025-01-22 17:21:20,285 eorder.o_cust_order_d.list(debug:139) - <==		Total: 2
DEBUG: 2025-01-22 17:21:20,800 eorder.o_order_confirm_d.list(debug:139) - ==>  Preparing: SELECT * FROM (SELECT ROW_NUMBER() OVER( ORDER BY XX.CUST_PO ASC, XX.LINE_NO ASC ) AS ROWNUM , XX.* FROM ( SELECT OCD.* , OCH.REQ_NO, OCH.COMPANY_CD, OCH.PICKING_DT, OCH.STATUS_CD, OCH.CUSTOMMATTER, OCH.REQUEST_DT, OCH.REQUEST_TIME, OCH.REMARK, OST.QUOTE_QT , (SELECT PT_NAME FROM PLANT WHERE WERKS = OCH.COMPANY_CD) AS PT_NAME , (SELECT DESC1 FROM O_ITEM_NEW WHERE ITEM_CD = OCD.ITEM_CD) AS ITEM_NAME , (SELECT QUANTITY FROM O_CUST_ORDER_D WHERE REQ_NO = OCH.REQ_NO AND LINE_NO = OCD.LINE_NO) AS COD_QUANTITY , (SELECT CC_NAME FROM COMMONCODE WHERE CC_PARENT='C01' AND CC_CODE = OCD.OCD_RETURNCD) AS ITEM_RETURN_REASON , UDC.DRDL01 AS DRDL01 , UDC.DRDL01 AS ROUTE , SUBSTRING(UDC.DRSPHD,3,2) AS DRSPHD FROM O_ORDER_CONFIRM_D OCD LEFT JOIN O_ORDER_CONFIRM_H OCH ON OCD.CUST_PO = OCH.CUST_PO LEFT JOIN O_F0005 UDC ON UDC.DRKY = OCD.WEEK LEFT JOIN O_SHIPTO OST ON OCH.SHIPTO_CD = OST.SHIPTO_CD WHERE OCH.REQ_NO = ? ) XX ) S
DEBUG: 2025-01-22 17:21:20,801 eorder.o_order_confirm_d.list(debug:139) - ==> Parameters: 100220402501201(String)
INFO : 2025-01-22 17:21:20,802 jdbc.sqlonly(sqlOccured:74) - SQL : SELECT * FROM (SELECT
			ROW_NUMBER() OVER(
			 ORDER BY XX.CUST_PO ASC, XX.LINE_NO ASC
			) AS ROWNUM
			, XX.* FROM (
			SELECT OCD.*
				, OCH.REQ_NO, OCH.COMPANY_CD, OCH.PICKING_DT, OCH.STATUS_CD, OCH.CUSTOMMATTER, OCH.REQUEST_DT, OCH.REQUEST_TIME, OCH.REMARK, OST.QUOTE_QT
				, (SELECT PT_NAME FROM PLANT WHERE WERKS = OCH.COMPANY_CD) AS PT_NAME
				, (SELECT DESC1 FROM O_ITEM_NEW WHERE ITEM_CD = OCD.ITEM_CD) AS ITEM_NAME
				, (SELECT QUANTITY FROM O_CUST_ORDER_D WHERE REQ_NO = OCH.REQ_NO AND LINE_NO = OCD.LINE_NO) AS COD_QUANTITY
				, (SELECT CC_NAME FROM COMMONCODE WHERE CC_PARENT='C01' AND CC_CODE = OCD.OCD_RETURNCD) AS ITEM_RETURN_REASON
				, UDC.DRDL01 AS DRDL01
				, UDC.DRDL01 AS ROUTE
				, SUBSTRING(UDC.DRSPHD,3,2) AS DRSPHD
			FROM O_ORDER_CONFIRM_D OCD
			LEFT JOIN O_ORDER_CONFIRM_H OCH ON OCD.CUST_PO = OCH.CUST_PO
			LEFT JOIN O_F0005 UDC ON UDC.DRKY = OCD.WEEK
			LEFT JOIN O_SHIPTO OST ON OCH.SHIPTO_CD = OST.SHIPTO_CD
			 WHERE	OCH.REQ_NO = '100220402501201'
			) XX
		) S
DEBUG: 2025-01-22 17:21:20,904 eorder.o_order_confirm_d.list(debug:139) - <==	   Total: 2