21-Jul-2025 09:55:32.650 SEVERE [ajp-nio-0.0.0.0-8009-exec-38] org.apache.coyote.AbstractProtocol$ConnectionHandler.process Failed to complete processing of a request
	java.lang.OutOfMemoryError: Java heap space
		at java.nio.HeapCharBuffer.<init>(HeapCharBuffer.java:57)
		at java.nio.CharBuffer.allocate(CharBuffer.java:335)
		at org.apache.catalina.connector.OutputBuffer.<init>(OutputBuffer.java:139)
		at org.apache.catalina.connector.Response.<init>(Response.java:113)
		at org.apache.catalina.connector.Connector.createResponse(Connector.java:927)
		at org.apache.catalina.connector.CoyoteAdapter.service(CoyoteAdapter.java:314)
		at org.apache.coyote.ajp.AjpProcessor.service(AjpProcessor.java:424)
		at org.apache.coyote.AbstractProcessorLight.process(AbstractProcessorLight.java:63)
		at org.apache.coyote.AbstractProtocol$ConnectionHandler.process(AbstractProtocol.java:937)
		at org.apache.tomcat.util.net.NioEndpoint$SocketProcessor.doRun(NioEndpoint.java:1793)
		at org.apache.tomcat.util.net.SocketProcessorBase.run(SocketProcessorBase.java:52)
		at org.apache.tomcat.util.threads.ThreadPoolExecutor.runWorker(ThreadPoolExecutor.java:1190)
		at org.apache.tomcat.util.threads.ThreadPoolExecutor$Worker.run(ThreadPoolExecutor.java:659)
		at org.apache.tomcat.util.threads.TaskThread$WrappingRunnable.run(TaskThread.java:63)
		at java.lang.Thread.run(Thread.java:750)
21-Jul-2025 09:55:38.616 SEVERE [ajp-nio-0.0.0.0-8009-exec-37] org.apache.coyote.AbstractProtocol$ConnectionHandler.process Failed to complete processing of a request
	java.lang.OutOfMemoryError: Java heap space
21-Jul-2025 09:55:45.327 SEVERE [ajp-nio-0.0.0.0-8009-exec-44] org.apache.coyote.AbstractProtocol$ConnectionHandler.process Failed to complete processing of a request
	java.lang.OutOfMemoryError: Java heap space
21-Jul-2025 09:55:45.404 SEVERE [ajp-nio-0.0.0.0-8009-exec-26] com.microsoft.sqlserver.jdbc.TDSReader.throwInvalidTDS ConnectionID:30468 ClientConnectionId: 39f7dfc6-9cd3-4706-9a49-98baed46efe3 got unexpected value in TDS response at offset:1927
21-Jul-2025 09:55:45.407 SEVERE [ajp-nio-0.0.0.0-8009-exec-34] org.apache.coyote.AbstractProtocol$ConnectionHandler.process Failed to complete processing of a request
	java.lang.OutOfMemoryError: Java heap space
21-Jul-2025 09:55:45.414 SEVERE [ajp-nio-0.0.0.0-8009-exec-26] com.microsoft.sqlserver.jdbc.TDSParser.throwUnexpectedTokenException ConnectionID:30468 ClientConnectionId: 39f7dfc6-9cd3-4706-9a49-98baed46efe3: getNextResult: Encountered unexpected unknown token (0xBD)
21-Jul-2025 09:55:45.414 SEVERE [ajp-nio-0.0.0.0-8009-exec-26] com.microsoft.sqlserver.jdbc.TDSReader.throwInvalidTDSToken ConnectionID:30468 ClientConnectionId: 39f7dfc6-9cd3-4706-9a49-98baed46efe3 got unexpected value in TDS response at offset:1927
21-Jul-2025 09:56:17.188 SEVERE [Catalina-utility-2] org.apache.catalina.core.ContainerBase.threadStart Exception processing background thread
	java.util.concurrent.ExecutionException: java.lang.OutOfMemoryError: Java heap space
		at java.util.concurrent.FutureTask.report(FutureTask.java:122)
		at java.util.concurrent.FutureTask.get(FutureTask.java:192)
		at org.apache.catalina.core.ContainerBase.threadStart(ContainerBase.java:1097)
		at org.apache.catalina.core.ContainerBase$ContainerBackgroundProcessorMonitor.run(ContainerBase.java:1141)
		at java.util.concurrent.Executors$RunnableAdapter.call(Executors.java:511)
		at java.util.concurrent.FutureTask.runAndReset(FutureTask.java:308)
		at java.util.concurrent.ScheduledThreadPoolExecutor$ScheduledFutureTask.access$301(ScheduledThreadPoolExecutor.java:180)
		at java.util.concurrent.ScheduledThreadPoolExecutor$ScheduledFutureTask.run(ScheduledThreadPoolExecutor.java:294)
		at java.util.concurrent.ThreadPoolExecutor.runWorker(ThreadPoolExecutor.java:1149)
		at java.util.concurrent.ThreadPoolExecutor$Worker.run(ThreadPoolExecutor.java:624)
		at org.apache.tomcat.util.threads.TaskThread$WrappingRunnable.run(TaskThread.java:63)
		at java.lang.Thread.run(Thread.java:750)
	Caused by: java.lang.OutOfMemoryError: Java heap space
21-Jul-2025 10:02:32.445 INFO [Thread-3] org.apache.coyote.AbstractProtocol.pause Pausing ProtocolHandler ["http-nio-8080"]
21-Jul-2025 10:02:32.552 INFO [Thread-3] org.apache.coyote.AbstractProtocol.pause Pausing ProtocolHandler ["ajp-nio-0.0.0.0-8009"]
21-Jul-2025 10:02:33.650 INFO [Thread-3] org.apache.catalina.core.StandardService.stopInternal Stopping service [Catalina]
21-Jul-2025 10:02:36.053 WARNING [Thread-3] org.apache.catalina.loader.WebappClassLoaderBase.clearReferencesJdbc The web application [eorder] registered the JDBC driver [com.microsoft.sqlserver.jdbc.SQLServerDriver] but failed to unregister it when the web application was stopped. To prevent a memory leak, the JDBC Driver has been forcibly unregistered.
21-Jul-2025 10:02:36.053 WARNING [Thread-3] org.apache.catalina.loader.WebappClassLoaderBase.clearReferencesJdbc The web application [eorder] registered the JDBC driver [net.sf.log4jdbc.DriverSpy] but failed to unregister it when the web application was stopped. To prevent a memory leak, the JDBC Driver has been forcibly unregistered.
21-Jul-2025 10:02:36.054 WARNING [Thread-3] org.apache.catalina.loader.WebappClassLoaderBase.clearReferencesJdbc The web application [eorder] registered the JDBC driver [oracle.jdbc.driver.OracleDriver] but failed to unregister it when the web application was stopped. To prevent a memory leak, the JDBC Driver has been forcibly unregistered.
21-Jul-2025 10:02:36.063 INFO [Thread-3] org.apache.coyote.AbstractProtocol.stop Stopping ProtocolHandler ["http-nio-8080"]
21-Jul-2025 10:02:37.183 WARNING [Thread-3] org.apache.tomcat.util.net.NioEndpoint.stopInternal The pollers did not stop within the expected time
21-Jul-2025 10:02:37.188 INFO [Thread-3] org.apache.coyote.AbstractProtocol.stop Stopping ProtocolHandler ["ajp-nio-0.0.0.0-8009"]
21-Jul-2025 10:02:38.296 WARNING [Thread-3] org.apache.tomcat.util.net.NioEndpoint.stopInternal The pollers did not stop within the expected time
21-Jul-2025 10:02:38.299 INFO [Thread-3] org.apache.coyote.AbstractProtocol.destroy Destroying ProtocolHandler ["http-nio-8080"]
21-Jul-2025 10:02:38.299 INFO [Thread-3] org.apache.coyote.AbstractProtocol.destroy Destroying ProtocolHandler ["ajp-nio-0.0.0.0-8009"]
21-Jul-2025 10:02:42.416 INFO [main] org.apache.catalina.startup.VersionLoggerListener.log Server version name:   Apache Tomcat/9.0.99
21-Jul-2025 10:02:42.418 INFO [main] org.apache.catalina.startup.VersionLoggerListener.log Server built:          Feb 4 2025 20:08:08 UTC
21-Jul-2025 10:02:42.419 INFO [main] org.apache.catalina.startup.VersionLoggerListener.log Server version number: 9.0.99.0
21-Jul-2025 10:02:42.419 INFO [main] org.apache.catalina.startup.VersionLoggerListener.log OS Name:               Windows Server 2019
21-Jul-2025 10:02:42.419 INFO [main] org.apache.catalina.startup.VersionLoggerListener.log OS Version:            10.0
21-Jul-2025 10:02:42.419 INFO [main] org.apache.catalina.startup.VersionLoggerListener.log Architecture:          amd64
21-Jul-2025 10:02:42.419 INFO [main] org.apache.catalina.startup.VersionLoggerListener.log Java Home:             C:\Program Files\Zulu\zulu-8\jre
21-Jul-2025 10:02:42.419 INFO [main] org.apache.catalina.startup.VersionLoggerListener.log JVM Version:           1.8.0_452-b09
21-Jul-2025 10:02:42.419 INFO [main] org.apache.catalina.startup.VersionLoggerListener.log JVM Vendor:            Azul Systems, Inc.
21-Jul-2025 10:02:42.419 INFO [main] org.apache.catalina.startup.VersionLoggerListener.log CATALINA_BASE:         C:\Program Files\Apache Software Foundation\Tomcat 9.0_Tomcat9_EORDER_REAL
21-Jul-2025 10:02:42.419 INFO [main] org.apache.catalina.startup.VersionLoggerListener.log CATALINA_HOME:         C:\Program Files\Apache Software Foundation\Tomcat 9.0_Tomcat9_EORDER_REAL
21-Jul-2025 10:02:42.421 INFO [main] org.apache.catalina.startup.VersionLoggerListener.log Command line argument: -Dcatalina.home=C:\Program Files\Apache Software Foundation\Tomcat 9.0_Tomcat9_EORDER_REAL
21-Jul-2025 10:02:42.421 INFO [main] org.apache.catalina.startup.VersionLoggerListener.log Command line argument: -Dcatalina.base=C:\Program Files\Apache Software Foundation\Tomcat 9.0_Tomcat9_EORDER_REAL
21-Jul-2025 10:02:42.421 INFO [main] org.apache.catalina.startup.VersionLoggerListener.log Command line argument: -Dignore.endorsed.dirs=C:\Program Files\Apache Software Foundation\Tomcat 9.0_Tomcat9_EORDER_REAL\endorsed
21-Jul-2025 10:02:42.421 INFO [main] org.apache.catalina.startup.VersionLoggerListener.log Command line argument: -Djava.io.tmpdir=C:\Program Files\Apache Software Foundation\Tomcat 9.0_Tomcat9_EORDER_REAL\temp
21-Jul-2025 10:02:42.421 INFO [main] org.apache.catalina.startup.VersionLoggerListener.log Command line argument: -Djava.util.logging.manager=org.apache.juli.ClassLoaderLogManager
21-Jul-2025 10:02:42.421 INFO [main] org.apache.catalina.startup.VersionLoggerListener.log Command line argument: -Djava.util.logging.config.file=C:\Program Files\Apache Software Foundation\Tomcat 9.0_Tomcat9_EORDER_REAL\conf\logging.properties
21-Jul-2025 10:02:42.421 INFO [main] org.apache.catalina.startup.VersionLoggerListener.log Command line argument: -Dsite.profile=real
21-Jul-2025 10:02:42.421 INFO [main] org.apache.catalina.startup.VersionLoggerListener.log Command line argument: exit
21-Jul-2025 10:02:42.421 INFO [main] org.apache.catalina.startup.VersionLoggerListener.log Command line argument: abort
21-Jul-2025 10:02:42.421 INFO [main] org.apache.catalina.startup.VersionLoggerListener.log Command line argument: -Xms128m
21-Jul-2025 10:02:42.423 INFO [main] org.apache.catalina.startup.VersionLoggerListener.log Command line argument: -Xmx256m
21-Jul-2025 10:02:42.427 INFO [main] org.apache.catalina.core.AprLifecycleListener.lifecycleEvent Loaded Apache Tomcat Native library [1.3.1] using APR version [1.7.4].
21-Jul-2025 10:02:42.427 INFO [main] org.apache.catalina.core.AprLifecycleListener.lifecycleEvent APR capabilities: IPv6 [true], sendfile [true], accept filters [false], random [true], UDS [true].
21-Jul-2025 10:02:42.427 INFO [main] org.apache.catalina.core.AprLifecycleListener.lifecycleEvent APR/OpenSSL configuration: useAprConnector [false], useOpenSSL [true]
21-Jul-2025 10:02:42.433 INFO [main] org.apache.catalina.core.AprLifecycleListener.initializeSSL OpenSSL successfully initialized [OpenSSL 3.0.14 4 Jun 2024]
21-Jul-2025 10:02:42.719 INFO [main] org.apache.coyote.AbstractProtocol.init Initializing ProtocolHandler ["http-nio-8080"]
21-Jul-2025 10:02:42.737 INFO [main] org.apache.coyote.AbstractProtocol.init Initializing ProtocolHandler ["ajp-nio-0.0.0.0-8009"]
21-Jul-2025 10:02:42.738 INFO [main] org.apache.catalina.startup.Catalina.load Server initialization in [572] milliseconds
21-Jul-2025 10:02:42.774 INFO [main] org.apache.catalina.core.StandardService.startInternal Starting service [Catalina]
21-Jul-2025 10:02:42.774 INFO [main] org.apache.catalina.core.StandardEngine.startInternal Starting Servlet engine: [Apache Tomcat/9.0.99]
21-Jul-2025 10:02:42.802 INFO [main] org.apache.catalina.startup.HostConfig.deployWAR Deploying web application archive [C:\Program Files\Apache Software Foundation\Tomcat 9.0_Tomcat9_EORDER_REAL\webapps\eorder.war]
21-Jul-2025 10:02:42.837 WARNING [main] org.apache.catalina.webresources.DirResourceSet.initInternal Disabled the global canonical file name cache to protect against CVE-2024-56337 when starting the WebResourceSet at [C:\Program Files\Apache Software Foundation\Tomcat 9.0_Tomcat9_EORDER_REAL\webapps\eorder] which is part of the web application [/eorder]
21-Jul-2025 10:02:48.509 INFO [main] org.apache.jasper.servlet.TldScanner.scanJars At least one JAR was scanned for TLDs yet contained no TLDs. Enable debug logging for this logger for a complete list of JARs that were scanned but no TLDs were found in them. Skipping unneeded JARs during scanning can improve startup time and JSP compilation time.
21-Jul-2025 10:02:52.912 INFO [main] org.apache.catalina.startup.HostConfig.deployWAR Deployment of web application archive [C:\Program Files\Apache Software Foundation\Tomcat 9.0_Tomcat9_EORDER_REAL\webapps\eorder.war] has finished in [10,109] ms
21-Jul-2025 10:02:52.912 INFO [main] org.apache.catalina.startup.HostConfig.deployDirectory Deploying web application directory [C:\Program Files\Apache Software Foundation\Tomcat 9.0_Tomcat9_EORDER_REAL\webapps\docs]
21-Jul-2025 10:02:52.944 INFO [main] org.apache.catalina.startup.HostConfig.deployDirectory Deployment of web application directory [C:\Program Files\Apache Software Foundation\Tomcat 9.0_Tomcat9_EORDER_REAL\webapps\docs] has finished in [32] ms
21-Jul-2025 10:02:52.945 INFO [main] org.apache.catalina.startup.HostConfig.deployDirectory Deploying web application directory [C:\Program Files\Apache Software Foundation\Tomcat 9.0_Tomcat9_EORDER_REAL\webapps\manager]
21-Jul-2025 10:02:52.973 INFO [main] org.apache.catalina.startup.HostConfig.deployDirectory Deployment of web application directory [C:\Program Files\Apache Software Foundation\Tomcat 9.0_Tomcat9_EORDER_REAL\webapps\manager] has finished in [28] ms
21-Jul-2025 10:02:52.973 INFO [main] org.apache.catalina.startup.HostConfig.deployDirectory Deploying web application directory [C:\Program Files\Apache Software Foundation\Tomcat 9.0_Tomcat9_EORDER_REAL\webapps\ROOT]
21-Jul-2025 10:02:52.992 INFO [main] org.apache.catalina.startup.HostConfig.deployDirectory Deployment of web application directory [C:\Program Files\Apache Software Foundation\Tomcat 9.0_Tomcat9_EORDER_REAL\webapps\ROOT] has finished in [19] ms
21-Jul-2025 10:02:52.996 INFO [main] org.apache.coyote.AbstractProtocol.start Starting ProtocolHandler ["http-nio-8080"]
21-Jul-2025 10:02:53.013 INFO [main] org.apache.coyote.AbstractProtocol.start Starting ProtocolHandler ["ajp-nio-0.0.0.0-8009"]
21-Jul-2025 10:02:53.015 INFO [main] org.apache.catalina.startup.Catalina.start Server startup in [10276] milliseconds
21-Jul-2025 10:02:53.068 INFO [ajp-nio-0.0.0.0-8009-exec-1] org.apache.tomcat.util.http.parser.Cookie.logInvalidHeader A cookie header was received [admin/order/qmsItemList/jqGridCookie/gridList/width=80%2C80%2C120%2C220%2C100%2C80%2C100%2C200%2C200%2C150%2C250%2C100%2C100%2C100%2C80%2C250%2C200%2C80%2C80%2C100%2C150%2C120%2C150%2C100%2C80%2C80%2C80%2C100%2C0;] that contained an invalid cookie. That cookie will be ignored.
 Note: further occurrences of this error will be logged at DEBUG level.
21-Jul-2025 10:15:36.451 INFO [main] org.apache.catalina.startup.VersionLoggerListener.log Server version name:   Apache Tomcat/9.0.99
21-Jul-2025 10:15:36.467 INFO [main] org.apache.catalina.startup.VersionLoggerListener.log Server built:          Feb 4 2025 20:08:08 UTC
21-Jul-2025 10:15:36.467 INFO [main] org.apache.catalina.startup.VersionLoggerListener.log Server version number: 9.0.99.0
21-Jul-2025 10:15:36.467 INFO [main] org.apache.catalina.startup.VersionLoggerListener.log OS Name:               Windows Server 2019
21-Jul-2025 10:15:36.467 INFO [main] org.apache.catalina.startup.VersionLoggerListener.log OS Version:            10.0
21-Jul-2025 10:15:36.467 INFO [main] org.apache.catalina.startup.VersionLoggerListener.log Architecture:          amd64
21-Jul-2025 10:15:36.467 INFO [main] org.apache.catalina.startup.VersionLoggerListener.log Java Home:             C:\Program Files\Zulu\zulu-8\jre
21-Jul-2025 10:15:36.467 INFO [main] org.apache.catalina.startup.VersionLoggerListener.log JVM Version:           1.8.0_452-b09
21-Jul-2025 10:15:36.467 INFO [main] org.apache.catalina.startup.VersionLoggerListener.log JVM Vendor:            Azul Systems, Inc.
21-Jul-2025 10:15:36.467 INFO [main] org.apache.catalina.startup.VersionLoggerListener.log CATALINA_BASE:         C:\Program Files\Apache Software Foundation\Tomcat 9.0_Tomcat9_EORDER_REAL
21-Jul-2025 10:15:36.467 INFO [main] org.apache.catalina.startup.VersionLoggerListener.log CATALINA_HOME:         C:\Program Files\Apache Software Foundation\Tomcat 9.0_Tomcat9_EORDER_REAL
21-Jul-2025 10:15:36.467 INFO [main] org.apache.catalina.startup.VersionLoggerListener.log Command line argument: -Dcatalina.home=C:\Program Files\Apache Software Foundation\Tomcat 9.0_Tomcat9_EORDER_REAL
21-Jul-2025 10:15:36.467 INFO [main] org.apache.catalina.startup.VersionLoggerListener.log Command line argument: -Dcatalina.base=C:\Program Files\Apache Software Foundation\Tomcat 9.0_Tomcat9_EORDER_REAL
21-Jul-2025 10:15:36.467 INFO [main] org.apache.catalina.startup.VersionLoggerListener.log Command line argument: -Dignore.endorsed.dirs=C:\Program Files\Apache Software Foundation\Tomcat 9.0_Tomcat9_EORDER_REAL\endorsed
21-Jul-2025 10:15:36.467 INFO [main] org.apache.catalina.startup.VersionLoggerListener.log Command line argument: -Djava.io.tmpdir=C:\Program Files\Apache Software Foundation\Tomcat 9.0_Tomcat9_EORDER_REAL\temp
21-Jul-2025 10:15:36.467 INFO [main] org.apache.catalina.startup.VersionLoggerListener.log Command line argument: -Djava.util.logging.manager=org.apache.juli.ClassLoaderLogManager
21-Jul-2025 10:15:36.467 INFO [main] org.apache.catalina.startup.VersionLoggerListener.log Command line argument: -Djava.util.logging.config.file=C:\Program Files\Apache Software Foundation\Tomcat 9.0_Tomcat9_EORDER_REAL\conf\logging.properties
21-Jul-2025 10:15:36.467 INFO [main] org.apache.catalina.startup.VersionLoggerListener.log Command line argument: -Dsite.profile=real
21-Jul-2025 10:15:36.467 INFO [main] org.apache.catalina.startup.VersionLoggerListener.log Command line argument: exit
21-Jul-2025 10:15:36.467 INFO [main] org.apache.catalina.startup.VersionLoggerListener.log Command line argument: abort
21-Jul-2025 10:15:36.467 INFO [main] org.apache.catalina.startup.VersionLoggerListener.log Command line argument: -Xms128m
21-Jul-2025 10:15:36.467 INFO [main] org.apache.catalina.startup.VersionLoggerListener.log Command line argument: -Xmx256m
21-Jul-2025 10:15:36.467 INFO [main] org.apache.catalina.core.AprLifecycleListener.lifecycleEvent Loaded Apache Tomcat Native library [1.3.1] using APR version [1.7.4].
21-Jul-2025 10:15:36.467 INFO [main] org.apache.catalina.core.AprLifecycleListener.lifecycleEvent APR capabilities: IPv6 [true], sendfile [true], accept filters [false], random [true], UDS [true].
21-Jul-2025 10:15:36.467 INFO [main] org.apache.catalina.core.AprLifecycleListener.lifecycleEvent APR/OpenSSL configuration: useAprConnector [false], useOpenSSL [true]
21-Jul-2025 10:15:36.498 INFO [main] org.apache.catalina.core.AprLifecycleListener.initializeSSL OpenSSL successfully initialized [OpenSSL 3.0.14 4 Jun 2024]
21-Jul-2025 10:15:36.964 INFO [main] org.apache.coyote.AbstractProtocol.init Initializing ProtocolHandler ["http-nio-8080"]
21-Jul-2025 10:15:37.011 INFO [main] org.apache.coyote.AbstractProtocol.init Initializing ProtocolHandler ["ajp-nio-0.0.0.0-8009"]
21-Jul-2025 10:15:37.011 INFO [main] org.apache.catalina.startup.Catalina.load Server initialization in [881] milliseconds
21-Jul-2025 10:15:37.069 INFO [main] org.apache.catalina.core.StandardService.startInternal Starting service [Catalina]
21-Jul-2025 10:15:37.069 INFO [main] org.apache.catalina.core.StandardEngine.startInternal Starting Servlet engine: [Apache Tomcat/9.0.99]
21-Jul-2025 10:15:37.084 INFO [main] org.apache.catalina.startup.HostConfig.deployWAR Deploying web application archive [C:\Program Files\Apache Software Foundation\Tomcat 9.0_Tomcat9_EORDER_REAL\webapps\eorder.war]
21-Jul-2025 10:15:37.140 WARNING [main] org.apache.catalina.webresources.DirResourceSet.initInternal Disabled the global canonical file name cache to protect against CVE-2024-56337 when starting the WebResourceSet at [C:\Program Files\Apache Software Foundation\Tomcat 9.0_Tomcat9_EORDER_REAL\webapps\eorder] which is part of the web application [/eorder]
21-Jul-2025 10:15:45.420 INFO [main] org.apache.jasper.servlet.TldScanner.scanJars At least one JAR was scanned for TLDs yet contained no TLDs. Enable debug logging for this logger for a complete list of JARs that were scanned but no TLDs were found in them. Skipping unneeded JARs during scanning can improve startup time and JSP compilation time.
21-Jul-2025 10:15:49.062 WARNING [main] org.apache.catalina.util.SessionIdGeneratorBase.createSecureRandom Creation of SecureRandom instance for session ID generation using [SHA1PRNG] took [130] milliseconds.
21-Jul-2025 10:15:59.701 INFO [main] org.apache.catalina.startup.HostConfig.deployWAR Deployment of web application archive [C:\Program Files\Apache Software Foundation\Tomcat 9.0_Tomcat9_EORDER_REAL\webapps\eorder.war] has finished in [22,617] ms
21-Jul-2025 10:15:59.701 INFO [main] org.apache.catalina.startup.HostConfig.deployDirectory Deploying web application directory [C:\Program Files\Apache Software Foundation\Tomcat 9.0_Tomcat9_EORDER_REAL\webapps\docs]
21-Jul-2025 10:15:59.777 INFO [main] org.apache.catalina.startup.HostConfig.deployDirectory Deployment of web application directory [C:\Program Files\Apache Software Foundation\Tomcat 9.0_Tomcat9_EORDER_REAL\webapps\docs] has finished in [76] ms
21-Jul-2025 10:15:59.787 INFO [main] org.apache.catalina.startup.HostConfig.deployDirectory Deploying web application directory [C:\Program Files\Apache Software Foundation\Tomcat 9.0_Tomcat9_EORDER_REAL\webapps\manager]
21-Jul-2025 10:15:59.886 INFO [main] org.apache.catalina.startup.HostConfig.deployDirectory Deployment of web application directory [C:\Program Files\Apache Software Foundation\Tomcat 9.0_Tomcat9_EORDER_REAL\webapps\manager] has finished in [109] ms
21-Jul-2025 10:15:59.886 INFO [main] org.apache.catalina.startup.HostConfig.deployDirectory Deploying web application directory [C:\Program Files\Apache Software Foundation\Tomcat 9.0_Tomcat9_EORDER_REAL\webapps\ROOT]
21-Jul-2025 10:15:59.915 INFO [main] org.apache.catalina.startup.HostConfig.deployDirectory Deployment of web application directory [C:\Program Files\Apache Software Foundation\Tomcat 9.0_Tomcat9_EORDER_REAL\webapps\ROOT] has finished in [29] ms
21-Jul-2025 10:15:59.928 INFO [main] org.apache.coyote.AbstractProtocol.start Starting ProtocolHandler ["http-nio-8080"]
21-Jul-2025 10:15:59.955 INFO [main] org.apache.coyote.AbstractProtocol.start Starting ProtocolHandler ["ajp-nio-0.0.0.0-8009"]
21-Jul-2025 10:15:59.955 INFO [main] org.apache.catalina.startup.Catalina.start Server startup in [22941] milliseconds
21-Jul-2025 10:17:45.267 INFO [ajp-nio-0.0.0.0-8009-exec-8] org.apache.tomcat.util.http.parser.Cookie.logInvalidHeader A cookie header was received [front/order/salesOrderList/jqGridCookie/gridList2=0%2C1%2C2%2C3%2C4%2C5;] that contained an invalid cookie. That cookie will be ignored.
 Note: further occurrences of this error will be logged at DEBUG level.
