21-Jul-2025 10:02:42.416 INFO [main] org.apache.catalina.startup.VersionLoggerListener.log Server version name:   Apache Tomcat/9.0.99
21-Jul-2025 10:02:42.418 INFO [main] org.apache.catalina.startup.VersionLoggerListener.log Server built:          Feb 4 2025 20:08:08 UTC
21-Jul-2025 10:02:42.419 INFO [main] org.apache.catalina.startup.VersionLoggerListener.log Server version number: 9.0.99.0
21-Jul-2025 10:02:42.419 INFO [main] org.apache.catalina.startup.VersionLoggerListener.log OS Name:               Windows Server 2019
21-Jul-2025 10:02:42.419 INFO [main] org.apache.catalina.startup.VersionLoggerListener.log OS Version:            10.0
21-Jul-2025 10:02:42.419 INFO [main] org.apache.catalina.startup.VersionLoggerListener.log Architecture:          amd64
21-Jul-2025 10:02:42.419 INFO [main] org.apache.catalina.startup.VersionLoggerListener.log Java Home:             C:\Program Files\Zulu\zulu-8\jre
21-Jul-2025 10:02:42.419 INFO [main] org.apache.catalina.startup.VersionLoggerListener.log JVM Version:           1.8.0_452-b09
21-Jul-2025 10:02:42.419 INFO [main] org.apache.catalina.startup.VersionLoggerListener.log JVM Vendor:            Azul Systems, Inc.
21-Jul-2025 10:02:42.419 INFO [main] org.apache.catalina.startup.VersionLoggerListener.log CATALINA_BASE:         C:\Program Files\Apache Software Foundation\Tomcat 9.0_Tomcat9_EORDER_REAL
21-Jul-2025 10:02:42.419 INFO [main] org.apache.catalina.startup.VersionLoggerListener.log CATALINA_HOME:         C:\Program Files\Apache Software Foundation\Tomcat 9.0_Tomcat9_EORDER_REAL
21-Jul-2025 10:02:42.421 INFO [main] org.apache.catalina.startup.VersionLoggerListener.log Command line argument: -Dcatalina.home=C:\Program Files\Apache Software Foundation\Tomcat 9.0_Tomcat9_EORDER_REAL
21-Jul-2025 10:02:42.421 INFO [main] org.apache.catalina.startup.VersionLoggerListener.log Command line argument: -Dcatalina.base=C:\Program Files\Apache Software Foundation\Tomcat 9.0_Tomcat9_EORDER_REAL
21-Jul-2025 10:02:42.421 INFO [main] org.apache.catalina.startup.VersionLoggerListener.log Command line argument: -Dignore.endorsed.dirs=C:\Program Files\Apache Software Foundation\Tomcat 9.0_Tomcat9_EORDER_REAL\endorsed
21-Jul-2025 10:02:42.421 INFO [main] org.apache.catalina.startup.VersionLoggerListener.log Command line argument: -Djava.io.tmpdir=C:\Program Files\Apache Software Foundation\Tomcat 9.0_Tomcat9_EORDER_REAL\temp
21-Jul-2025 10:02:42.421 INFO [main] org.apache.catalina.startup.VersionLoggerListener.log Command line argument: -Djava.util.logging.manager=org.apache.juli.ClassLoaderLogManager
21-Jul-2025 10:02:42.421 INFO [main] org.apache.catalina.startup.VersionLoggerListener.log Command line argument: -Djava.util.logging.config.file=C:\Program Files\Apache Software Foundation\Tomcat 9.0_Tomcat9_EORDER_REAL\conf\logging.properties
21-Jul-2025 10:02:42.421 INFO [main] org.apache.catalina.startup.VersionLoggerListener.log Command line argument: -Dsite.profile=real
21-Jul-2025 10:02:42.421 INFO [main] org.apache.catalina.startup.VersionLoggerListener.log Command line argument: exit
21-Jul-2025 10:02:42.421 INFO [main] org.apache.catalina.startup.VersionLoggerListener.log Command line argument: abort
21-Jul-2025 10:02:42.421 INFO [main] org.apache.catalina.startup.VersionLoggerListener.log Command line argument: -Xms128m
21-Jul-2025 10:02:42.423 INFO [main] org.apache.catalina.startup.VersionLoggerListener.log Command line argument: -Xmx256m
21-Jul-2025 10:02:42.427 INFO [main] org.apache.catalina.core.AprLifecycleListener.lifecycleEvent Loaded Apache Tomcat Native library [1.3.1] using APR version [1.7.4].
21-Jul-2025 10:02:42.427 INFO [main] org.apache.catalina.core.AprLifecycleListener.lifecycleEvent APR capabilities: IPv6 [true], sendfile [true], accept filters [false], random [true], UDS [true].
21-Jul-2025 10:02:42.427 INFO [main] org.apache.catalina.core.AprLifecycleListener.lifecycleEvent APR/OpenSSL configuration: useAprConnector [false], useOpenSSL [true]
21-Jul-2025 10:02:42.433 INFO [main] org.apache.catalina.core.AprLifecycleListener.initializeSSL OpenSSL successfully initialized [OpenSSL 3.0.14 4 Jun 2024]
21-Jul-2025 10:02:42.719 INFO [main] org.apache.coyote.AbstractProtocol.init Initializing ProtocolHandler ["http-nio-8080"]
21-Jul-2025 10:02:42.737 INFO [main] org.apache.coyote.AbstractProtocol.init Initializing ProtocolHandler ["ajp-nio-0.0.0.0-8009"]
21-Jul-2025 10:02:42.738 INFO [main] org.apache.catalina.startup.Catalina.load Server initialization in [572] milliseconds
21-Jul-2025 10:02:42.774 INFO [main] org.apache.catalina.core.StandardService.startInternal Starting service [Catalina]
21-Jul-2025 10:02:42.774 INFO [main] org.apache.catalina.core.StandardEngine.startInternal Starting Servlet engine: [Apache Tomcat/9.0.99]
21-Jul-2025 10:02:42.802 INFO [main] org.apache.catalina.startup.HostConfig.deployWAR Deploying web application archive [C:\Program Files\Apache Software Foundation\Tomcat 9.0_Tomcat9_EORDER_REAL\webapps\eorder.war]
21-Jul-2025 10:02:42.837 WARNING [main] org.apache.catalina.webresources.DirResourceSet.initInternal Disabled the global canonical file name cache to protect against CVE-2024-56337 when starting the WebResourceSet at [C:\Program Files\Apache Software Foundation\Tomcat 9.0_Tomcat9_EORDER_REAL\webapps\eorder] which is part of the web application [/eorder]
21-Jul-2025 10:02:48.509 INFO [main] org.apache.jasper.servlet.TldScanner.scanJars At least one JAR was scanned for TLDs yet contained no TLDs. Enable debug logging for this logger for a complete list of JARs that were scanned but no TLDs were found in them. Skipping unneeded JARs during scanning can improve startup time and JSP compilation time.
SLF4J: Class path contains multiple SLF4J bindings.
SLF4J: Found binding in [jar:file:/C:/Program%20Files/Apache%20Software%20Foundation/Tomcat%209.0_Tomcat9_EORDER_REAL/webapps/eorder/WEB-INF/lib/slf4j-log4j12-1.6.6.jar!/org/slf4j/impl/StaticLoggerBinder.class]
SLF4J: Found binding in [jar:file:/C:/Program%20Files/Apache%20Software%20Foundation/Tomcat%209.0_Tomcat9_EORDER_REAL/webapps/eorder/WEB-INF/lib/tika-app-1.6.jar!/org/slf4j/impl/StaticLoggerBinder.class]
SLF4J: See http://www.slf4j.org/codes.html#multiple_bindings for an explanation.
SLF4J: Actual binding is of type [org.slf4j.impl.Log4jLoggerFactory]
log4j:WARN Continuable parsing error 78 and column 23
log4j:WARN The content of element type "log4j:configuration" must match "(renderer*,appender*,plugin*,(category|logger)*,root?,(categoryFactory|loggerFactory)?)".
21-Jul-2025 10:02:52.912 INFO [main] org.apache.catalina.startup.HostConfig.deployWAR Deployment of web application archive [C:\Program Files\Apache Software Foundation\Tomcat 9.0_Tomcat9_EORDER_REAL\webapps\eorder.war] has finished in [10,109] ms
21-Jul-2025 10:02:52.912 INFO [main] org.apache.catalina.startup.HostConfig.deployDirectory Deploying web application directory [C:\Program Files\Apache Software Foundation\Tomcat 9.0_Tomcat9_EORDER_REAL\webapps\docs]
21-Jul-2025 10:02:52.944 INFO [main] org.apache.catalina.startup.HostConfig.deployDirectory Deployment of web application directory [C:\Program Files\Apache Software Foundation\Tomcat 9.0_Tomcat9_EORDER_REAL\webapps\docs] has finished in [32] ms
21-Jul-2025 10:02:52.945 INFO [main] org.apache.catalina.startup.HostConfig.deployDirectory Deploying web application directory [C:\Program Files\Apache Software Foundation\Tomcat 9.0_Tomcat9_EORDER_REAL\webapps\manager]
21-Jul-2025 10:02:52.973 INFO [main] org.apache.catalina.startup.HostConfig.deployDirectory Deployment of web application directory [C:\Program Files\Apache Software Foundation\Tomcat 9.0_Tomcat9_EORDER_REAL\webapps\manager] has finished in [28] ms
21-Jul-2025 10:02:52.973 INFO [main] org.apache.catalina.startup.HostConfig.deployDirectory Deploying web application directory [C:\Program Files\Apache Software Foundation\Tomcat 9.0_Tomcat9_EORDER_REAL\webapps\ROOT]
21-Jul-2025 10:02:52.992 INFO [main] org.apache.catalina.startup.HostConfig.deployDirectory Deployment of web application directory [C:\Program Files\Apache Software Foundation\Tomcat 9.0_Tomcat9_EORDER_REAL\webapps\ROOT] has finished in [19] ms
21-Jul-2025 10:02:52.996 INFO [main] org.apache.coyote.AbstractProtocol.start Starting ProtocolHandler ["http-nio-8080"]
21-Jul-2025 10:02:53.013 INFO [main] org.apache.coyote.AbstractProtocol.start Starting ProtocolHandler ["ajp-nio-0.0.0.0-8009"]
21-Jul-2025 10:02:53.015 INFO [main] org.apache.catalina.startup.Catalina.start Server startup in [10276] milliseconds
21-Jul-2025 10:02:53.068 INFO [ajp-nio-0.0.0.0-8009-exec-1] org.apache.tomcat.util.http.parser.Cookie.logInvalidHeader A cookie header was received [admin/order/qmsItemList/jqGridCookie/gridList/width=80%2C80%2C120%2C220%2C100%2C80%2C100%2C200%2C200%2C150%2C250%2C100%2C100%2C100%2C80%2C250%2C200%2C80%2C80%2C100%2C150%2C120%2C150%2C100%2C80%2C80%2C80%2C100%2C0;] that contained an invalid cookie. That cookie will be ignored.
 Note: further occurrences of this error will be logged at DEBUG level.
java.net.SocketTimeoutException: Read timed out
	at java.net.SocketInputStream.socketRead0(Native Method)
	at java.net.SocketInputStream.socketRead(SocketInputStream.java:116)
	at java.net.SocketInputStream.read(SocketInputStream.java:171)
	at java.net.SocketInputStream.read(SocketInputStream.java:141)
	at sun.security.ssl.SSLSocketInputRecord.read(SSLSocketInputRecord.java:476)
	at sun.security.ssl.SSLSocketInputRecord.readHeader(SSLSocketInputRecord.java:470)
	at sun.security.ssl.SSLSocketInputRecord.bytesInCompletePacket(SSLSocketInputRecord.java:70)
	at sun.security.ssl.SSLSocketImpl.readApplicationRecord(SSLSocketImpl.java:1373)
	at sun.security.ssl.SSLSocketImpl.access$300(SSLSocketImpl.java:73)
	at sun.security.ssl.SSLSocketImpl$AppInputStream.read(SSLSocketImpl.java:982)
	at java.io.BufferedInputStream.fill(BufferedInputStream.java:246)
	at java.io.BufferedInputStream.read1(BufferedInputStream.java:286)
	at java.io.BufferedInputStream.read(BufferedInputStream.java:345)
	at sun.net.www.http.HttpClient.parseHTTPHeader(HttpClient.java:745)
	at sun.net.www.http.HttpClient.parseHTTP(HttpClient.java:680)
	at sun.net.www.protocol.http.HttpURLConnection.getInputStream0(HttpURLConnection.java:1615)
	at sun.net.www.protocol.http.HttpURLConnection.getInputStream(HttpURLConnection.java:1520)
	at java.net.HttpURLConnection.getResponseCode(HttpURLConnection.java:480)
	at sun.net.www.protocol.https.HttpsURLConnectionImpl.getResponseCode(HttpsURLConnectionImpl.java:352)
	at com.limenets.eorder.svc.WeatherSvc.getWeatherShortApi(WeatherSvc.java:405)
	at com.limenets.eorder.svc.WeatherSvc.getWeatherForecastApiAjax(WeatherSvc.java:185)
	at com.limenets.eorder.ctrl.front.FBaseCtrl.getCustOrderAllItemListA2jax(FBaseCtrl.java:405)
	at com.limenets.eorder.ctrl.front.FBaseCtrl$$FastClassBySpringCGLIB$$4472afa9.invoke(<generated>)
	at org.springframework.cglib.proxy.MethodProxy.invoke(MethodProxy.java:204)
	at org.springframework.aop.framework.CglibAopProxy$CglibMethodInvocation.invokeJoinpoint(CglibAopProxy.java:747)
	at org.springframework.aop.framework.ReflectiveMethodInvocation.proceed(ReflectiveMethodInvocation.java:163)
	at org.springframework.aop.aspectj.MethodInvocationProceedingJoinPoint.proceed(MethodInvocationProceedingJoinPoint.java:89)
	at com.limenets.eorder.aop.FrontCheck.ex(FrontCheck.java:94)
	at sun.reflect.GeneratedMethodAccessor91.invoke(Unknown Source)
	at sun.reflect.DelegatingMethodAccessorImpl.invoke(DelegatingMethodAccessorImpl.java:43)
	at java.lang.reflect.Method.invoke(Method.java:498)
	at org.springframework.aop.aspectj.AbstractAspectJAdvice.invokeAdviceMethodWithGivenArgs(AbstractAspectJAdvice.java:644)
	at org.springframework.aop.aspectj.AbstractAspectJAdvice.invokeAdviceMethod(AbstractAspectJAdvice.java:633)
	at org.springframework.aop.aspectj.AspectJAroundAdvice.invoke(AspectJAroundAdvice.java:70)
	at org.springframework.aop.framework.ReflectiveMethodInvocation.proceed(ReflectiveMethodInvocation.java:185)
	at org.springframework.aop.interceptor.ExposeInvocationInterceptor.invoke(ExposeInvocationInterceptor.java:92)
	at org.springframework.aop.framework.ReflectiveMethodInvocation.proceed(ReflectiveMethodInvocation.java:185)
	at org.springframework.aop.framework.CglibAopProxy$DynamicAdvisedInterceptor.intercept(CglibAopProxy.java:689)
	at com.limenets.eorder.ctrl.front.FBaseCtrl$$EnhancerBySpringCGLIB$$1bc259eb.getCustOrderAllItemListA2jax(<generated>)
	at sun.reflect.NativeMethodAccessorImpl.invoke0(Native Method)
	at sun.reflect.NativeMethodAccessorImpl.invoke(NativeMethodAccessorImpl.java:62)
	at sun.reflect.DelegatingMethodAccessorImpl.invoke(DelegatingMethodAccessorImpl.java:43)
	at java.lang.reflect.Method.invoke(Method.java:498)
	at org.springframework.web.method.support.InvocableHandlerMethod.doInvoke(InvocableHandlerMethod.java:209)
	at org.springframework.web.method.support.InvocableHandlerMethod.invokeForRequest(InvocableHandlerMethod.java:136)
	at org.springframework.web.servlet.mvc.method.annotation.ServletInvocableHandlerMethod.invokeAndHandle(ServletInvocableHandlerMethod.java:102)
	at org.springframework.web.servlet.mvc.method.annotation.RequestMappingHandlerAdapter.invokeHandlerMethod(RequestMappingHandlerAdapter.java:877)
	at org.springframework.web.servlet.mvc.method.annotation.RequestMappingHandlerAdapter.handleInternal(RequestMappingHandlerAdapter.java:783)
	at org.springframework.web.servlet.mvc.method.AbstractHandlerMethodAdapter.handle(AbstractHandlerMethodAdapter.java:87)
	at org.springframework.web.servlet.DispatcherServlet.doDispatch(DispatcherServlet.java:991)
	at org.springframework.web.servlet.DispatcherServlet.doService(DispatcherServlet.java:925)
	at org.springframework.web.servlet.FrameworkServlet.processRequest(FrameworkServlet.java:974)
	at org.springframework.web.servlet.FrameworkServlet.doPost(FrameworkServlet.java:877)
	at javax.servlet.http.HttpServlet.service(HttpServlet.java:555)
	at org.springframework.web.servlet.FrameworkServlet.service(FrameworkServlet.java:851)
	at javax.servlet.http.HttpServlet.service(HttpServlet.java:623)
	at org.apache.catalina.core.ApplicationFilterChain.internalDoFilter(ApplicationFilterChain.java:199)
	at org.apache.catalina.core.ApplicationFilterChain.doFilter(ApplicationFilterChain.java:144)
	at org.apache.tomcat.websocket.server.WsFilter.doFilter(WsFilter.java:51)
	at org.apache.catalina.core.ApplicationFilterChain.internalDoFilter(ApplicationFilterChain.java:168)
	at org.apache.catalina.core.ApplicationFilterChain.doFilter(ApplicationFilterChain.java:144)
	at org.springframework.mobile.device.DeviceResolverRequestFilter.doFilterInternal(DeviceResolverRequestFilter.java:60)
	at org.springframework.web.filter.OncePerRequestFilter.doFilter(OncePerRequestFilter.java:107)
	at org.apache.catalina.core.ApplicationFilterChain.internalDoFilter(ApplicationFilterChain.java:168)
	at org.apache.catalina.core.ApplicationFilterChain.doFilter(ApplicationFilterChain.java:144)
	at com.limenets.common.filter.XSSFilter.doFilterInternal(XSSFilter.java:20)
	at org.springframework.web.filter.OncePerRequestFilter.doFilter(OncePerRequestFilter.java:107)
	at org.apache.catalina.core.ApplicationFilterChain.internalDoFilter(ApplicationFilterChain.java:168)
	at org.apache.catalina.core.ApplicationFilterChain.doFilter(ApplicationFilterChain.java:144)
	at org.springframework.web.multipart.support.MultipartFilter.doFilterInternal(MultipartFilter.java:123)
	at org.springframework.web.filter.OncePerRequestFilter.doFilter(OncePerRequestFilter.java:107)
	at org.apache.catalina.core.ApplicationFilterChain.internalDoFilter(ApplicationFilterChain.java:168)
	at org.apache.catalina.core.ApplicationFilterChain.doFilter(ApplicationFilterChain.java:144)
	at org.springframework.web.filter.CharacterEncodingFilter.doFilterInternal(CharacterEncodingFilter.java:200)
	at org.springframework.web.filter.OncePerRequestFilter.doFilter(OncePerRequestFilter.java:107)
	at org.apache.catalina.core.ApplicationFilterChain.internalDoFilter(ApplicationFilterChain.java:168)
	at org.apache.catalina.core.ApplicationFilterChain.doFilter(ApplicationFilterChain.java:144)
	at org.apache.catalina.core.StandardWrapperValve.invoke(StandardWrapperValve.java:168)
	at org.apache.catalina.core.StandardContextValve.invoke(StandardContextValve.java:90)
	at org.apache.catalina.authenticator.AuthenticatorBase.invoke(AuthenticatorBase.java:482)
	at org.apache.catalina.core.StandardHostValve.invoke(StandardHostValve.java:130)
	at org.apache.catalina.valves.ErrorReportValve.invoke(ErrorReportValve.java:93)
	at org.apache.catalina.valves.ErrorReportValve.invoke(ErrorReportValve.java:93)
	at org.apache.catalina.valves.AbstractAccessLogValve.invoke(AbstractAccessLogValve.java:660)
	at org.apache.catalina.core.StandardEngineValve.invoke(StandardEngineValve.java:74)
	at org.apache.catalina.connector.CoyoteAdapter.service(CoyoteAdapter.java:346)
	at org.apache.coyote.ajp.AjpProcessor.service(AjpProcessor.java:424)
	at org.apache.coyote.AbstractProcessorLight.process(AbstractProcessorLight.java:63)
	at org.apache.coyote.AbstractProtocol$ConnectionHandler.process(AbstractProtocol.java:937)
	at org.apache.tomcat.util.net.NioEndpoint$SocketProcessor.doRun(NioEndpoint.java:1793)
	at org.apache.tomcat.util.net.SocketProcessorBase.run(SocketProcessorBase.java:52)
	at org.apache.tomcat.util.threads.ThreadPoolExecutor.runWorker(ThreadPoolExecutor.java:1190)
	at org.apache.tomcat.util.threads.ThreadPoolExecutor$Worker.run(ThreadPoolExecutor.java:659)
	at org.apache.tomcat.util.threads.TaskThread$WrappingRunnable.run(TaskThread.java:63)
	at java.lang.Thread.run(Thread.java:750)
java.net.SocketTimeoutException: Read timed out
	at java.net.SocketInputStream.socketRead0(Native Method)
	at java.net.SocketInputStream.socketRead(SocketInputStream.java:116)
	at java.net.SocketInputStream.read(SocketInputStream.java:171)
	at java.net.SocketInputStream.read(SocketInputStream.java:141)
	at sun.security.ssl.SSLSocketInputRecord.read(SSLSocketInputRecord.java:476)
	at sun.security.ssl.SSLSocketInputRecord.readHeader(SSLSocketInputRecord.java:470)
	at sun.security.ssl.SSLSocketInputRecord.bytesInCompletePacket(SSLSocketInputRecord.java:70)
	at sun.security.ssl.SSLSocketImpl.readApplicationRecord(SSLSocketImpl.java:1373)
	at sun.security.ssl.SSLSocketImpl.access$300(SSLSocketImpl.java:73)
	at sun.security.ssl.SSLSocketImpl$AppInputStream.read(SSLSocketImpl.java:982)
	at java.io.BufferedInputStream.fill(BufferedInputStream.java:246)
	at java.io.BufferedInputStream.read1(BufferedInputStream.java:286)
	at java.io.BufferedInputStream.read(BufferedInputStream.java:345)
	at sun.net.www.http.HttpClient.parseHTTPHeader(HttpClient.java:745)
	at sun.net.www.http.HttpClient.parseHTTP(HttpClient.java:680)
	at sun.net.www.protocol.http.HttpURLConnection.getInputStream0(HttpURLConnection.java:1615)
	at sun.net.www.protocol.http.HttpURLConnection.getInputStream(HttpURLConnection.java:1520)
	at java.net.HttpURLConnection.getResponseCode(HttpURLConnection.java:480)
	at sun.net.www.protocol.https.HttpsURLConnectionImpl.getResponseCode(HttpsURLConnectionImpl.java:352)
	at com.limenets.eorder.svc.WeatherSvc.getWeatherShortApi(WeatherSvc.java:405)
	at com.limenets.eorder.svc.WeatherSvc.getWeatherForecastApiAjax(WeatherSvc.java:185)
	at com.limenets.eorder.ctrl.admin.AdminBaseCtrl.getCustOrderAllItemListA2jax(AdminBaseCtrl.java:443)
	at com.limenets.eorder.ctrl.admin.AdminBaseCtrl$$FastClassBySpringCGLIB$$2df668b8.invoke(<generated>)
	at org.springframework.cglib.proxy.MethodProxy.invoke(MethodProxy.java:204)
	at org.springframework.aop.framework.CglibAopProxy$CglibMethodInvocation.invokeJoinpoint(CglibAopProxy.java:747)
	at org.springframework.aop.framework.ReflectiveMethodInvocation.proceed(ReflectiveMethodInvocation.java:163)
	at org.springframework.aop.aspectj.MethodInvocationProceedingJoinPoint.proceed(MethodInvocationProceedingJoinPoint.java:89)
	at com.limenets.eorder.aop.AdminCheck.ex(AdminCheck.java:116)
	at sun.reflect.GeneratedMethodAccessor89.invoke(Unknown Source)
	at sun.reflect.DelegatingMethodAccessorImpl.invoke(DelegatingMethodAccessorImpl.java:43)
	at java.lang.reflect.Method.invoke(Method.java:498)
	at org.springframework.aop.aspectj.AbstractAspectJAdvice.invokeAdviceMethodWithGivenArgs(AbstractAspectJAdvice.java:644)
	at org.springframework.aop.aspectj.AbstractAspectJAdvice.invokeAdviceMethod(AbstractAspectJAdvice.java:633)
	at org.springframework.aop.aspectj.AspectJAroundAdvice.invoke(AspectJAroundAdvice.java:70)
	at org.springframework.aop.framework.ReflectiveMethodInvocation.proceed(ReflectiveMethodInvocation.java:185)
	at org.springframework.aop.interceptor.ExposeInvocationInterceptor.invoke(ExposeInvocationInterceptor.java:92)
	at org.springframework.aop.framework.ReflectiveMethodInvocation.proceed(ReflectiveMethodInvocation.java:185)
	at org.springframework.aop.framework.CglibAopProxy$DynamicAdvisedInterceptor.intercept(CglibAopProxy.java:689)
	at com.limenets.eorder.ctrl.admin.AdminBaseCtrl$$EnhancerBySpringCGLIB$$ee062678.getCustOrderAllItemListA2jax(<generated>)
	at sun.reflect.NativeMethodAccessorImpl.invoke0(Native Method)
	at sun.reflect.NativeMethodAccessorImpl.invoke(NativeMethodAccessorImpl.java:62)
	at sun.reflect.DelegatingMethodAccessorImpl.invoke(DelegatingMethodAccessorImpl.java:43)
	at java.lang.reflect.Method.invoke(Method.java:498)
	at org.springframework.web.method.support.InvocableHandlerMethod.doInvoke(InvocableHandlerMethod.java:209)
	at org.springframework.web.method.support.InvocableHandlerMethod.invokeForRequest(InvocableHandlerMethod.java:136)
	at org.springframework.web.servlet.mvc.method.annotation.ServletInvocableHandlerMethod.invokeAndHandle(ServletInvocableHandlerMethod.java:102)
	at org.springframework.web.servlet.mvc.method.annotation.RequestMappingHandlerAdapter.invokeHandlerMethod(RequestMappingHandlerAdapter.java:877)
	at org.springframework.web.servlet.mvc.method.annotation.RequestMappingHandlerAdapter.handleInternal(RequestMappingHandlerAdapter.java:783)
	at org.springframework.web.servlet.mvc.method.AbstractHandlerMethodAdapter.handle(AbstractHandlerMethodAdapter.java:87)
	at org.springframework.web.servlet.DispatcherServlet.doDispatch(DispatcherServlet.java:991)
	at org.springframework.web.servlet.DispatcherServlet.doService(DispatcherServlet.java:925)
	at org.springframework.web.servlet.FrameworkServlet.processRequest(FrameworkServlet.java:974)
	at org.springframework.web.servlet.FrameworkServlet.doPost(FrameworkServlet.java:877)
	at javax.servlet.http.HttpServlet.service(HttpServlet.java:555)
	at org.springframework.web.servlet.FrameworkServlet.service(FrameworkServlet.java:851)
	at javax.servlet.http.HttpServlet.service(HttpServlet.java:623)
	at org.apache.catalina.core.ApplicationFilterChain.internalDoFilter(ApplicationFilterChain.java:199)
	at org.apache.catalina.core.ApplicationFilterChain.doFilter(ApplicationFilterChain.java:144)
	at org.apache.tomcat.websocket.server.WsFilter.doFilter(WsFilter.java:51)
	at org.apache.catalina.core.ApplicationFilterChain.internalDoFilter(ApplicationFilterChain.java:168)
	at org.apache.catalina.core.ApplicationFilterChain.doFilter(ApplicationFilterChain.java:144)
	at org.springframework.mobile.device.DeviceResolverRequestFilter.doFilterInternal(DeviceResolverRequestFilter.java:60)
	at org.springframework.web.filter.OncePerRequestFilter.doFilter(OncePerRequestFilter.java:107)
	at org.apache.catalina.core.ApplicationFilterChain.internalDoFilter(ApplicationFilterChain.java:168)
	at org.apache.catalina.core.ApplicationFilterChain.doFilter(ApplicationFilterChain.java:144)
	at com.limenets.common.filter.XSSFilter.doFilterInternal(XSSFilter.java:20)
	at org.springframework.web.filter.OncePerRequestFilter.doFilter(OncePerRequestFilter.java:107)
	at org.apache.catalina.core.ApplicationFilterChain.internalDoFilter(ApplicationFilterChain.java:168)
	at org.apache.catalina.core.ApplicationFilterChain.doFilter(ApplicationFilterChain.java:144)
	at org.springframework.web.multipart.support.MultipartFilter.doFilterInternal(MultipartFilter.java:123)
	at org.springframework.web.filter.OncePerRequestFilter.doFilter(OncePerRequestFilter.java:107)
	at org.apache.catalina.core.ApplicationFilterChain.internalDoFilter(ApplicationFilterChain.java:168)
	at org.apache.catalina.core.ApplicationFilterChain.doFilter(ApplicationFilterChain.java:144)
	at org.springframework.web.filter.CharacterEncodingFilter.doFilterInternal(CharacterEncodingFilter.java:200)
	at org.springframework.web.filter.OncePerRequestFilter.doFilter(OncePerRequestFilter.java:107)
	at org.apache.catalina.core.ApplicationFilterChain.internalDoFilter(ApplicationFilterChain.java:168)
	at org.apache.catalina.core.ApplicationFilterChain.doFilter(ApplicationFilterChain.java:144)
	at org.apache.catalina.core.StandardWrapperValve.invoke(StandardWrapperValve.java:168)
	at org.apache.catalina.core.StandardContextValve.invoke(StandardContextValve.java:90)
	at org.apache.catalina.authenticator.AuthenticatorBase.invoke(AuthenticatorBase.java:482)
	at org.apache.catalina.core.StandardHostValve.invoke(StandardHostValve.java:130)
	at org.apache.catalina.valves.ErrorReportValve.invoke(ErrorReportValve.java:93)
	at org.apache.catalina.valves.ErrorReportValve.invoke(ErrorReportValve.java:93)
	at org.apache.catalina.valves.AbstractAccessLogValve.invoke(AbstractAccessLogValve.java:660)
	at org.apache.catalina.core.StandardEngineValve.invoke(StandardEngineValve.java:74)
	at org.apache.catalina.connector.CoyoteAdapter.service(CoyoteAdapter.java:346)
	at org.apache.coyote.ajp.AjpProcessor.service(AjpProcessor.java:424)
	at org.apache.coyote.AbstractProcessorLight.process(AbstractProcessorLight.java:63)
	at org.apache.coyote.AbstractProtocol$ConnectionHandler.process(AbstractProtocol.java:937)
	at org.apache.tomcat.util.net.NioEndpoint$SocketProcessor.doRun(NioEndpoint.java:1793)
	at org.apache.tomcat.util.net.SocketProcessorBase.run(SocketProcessorBase.java:52)
	at org.apache.tomcat.util.threads.ThreadPoolExecutor.runWorker(ThreadPoolExecutor.java:1190)
	at org.apache.tomcat.util.threads.ThreadPoolExecutor$Worker.run(ThreadPoolExecutor.java:659)
	at org.apache.tomcat.util.threads.TaskThread$WrappingRunnable.run(TaskThread.java:63)
	at java.lang.Thread.run(Thread.java:750)
java.net.SocketTimeoutException: Read timed out
	at java.net.SocketInputStream.socketRead0(Native Method)
	at java.net.SocketInputStream.socketRead(SocketInputStream.java:116)
	at java.net.SocketInputStream.read(SocketInputStream.java:171)
	at java.net.SocketInputStream.read(SocketInputStream.java:141)
	at sun.security.ssl.SSLSocketInputRecord.read(SSLSocketInputRecord.java:476)
	at sun.security.ssl.SSLSocketInputRecord.readHeader(SSLSocketInputRecord.java:470)
	at sun.security.ssl.SSLSocketInputRecord.bytesInCompletePacket(SSLSocketInputRecord.java:70)
	at sun.security.ssl.SSLSocketImpl.readApplicationRecord(SSLSocketImpl.java:1373)
	at sun.security.ssl.SSLSocketImpl.access$300(SSLSocketImpl.java:73)
	at sun.security.ssl.SSLSocketImpl$AppInputStream.read(SSLSocketImpl.java:982)
	at java.io.BufferedInputStream.fill(BufferedInputStream.java:246)
	at java.io.BufferedInputStream.read1(BufferedInputStream.java:286)
	at java.io.BufferedInputStream.read(BufferedInputStream.java:345)
	at sun.net.www.http.HttpClient.parseHTTPHeader(HttpClient.java:745)
	at sun.net.www.http.HttpClient.parseHTTP(HttpClient.java:680)
	at sun.net.www.protocol.http.HttpURLConnection.getInputStream0(HttpURLConnection.java:1615)
	at sun.net.www.protocol.http.HttpURLConnection.getInputStream(HttpURLConnection.java:1520)
	at java.net.HttpURLConnection.getResponseCode(HttpURLConnection.java:480)
	at sun.net.www.protocol.https.HttpsURLConnectionImpl.getResponseCode(HttpsURLConnectionImpl.java:352)
	at com.limenets.eorder.svc.WeatherSvc.getWeatherShortApi(WeatherSvc.java:405)
	at com.limenets.eorder.svc.WeatherSvc.getWeatherForecastApiAjax(WeatherSvc.java:185)
	at com.limenets.eorder.ctrl.front.FBaseCtrl.getCustOrderAllItemListA2jax(FBaseCtrl.java:405)
	at com.limenets.eorder.ctrl.front.FBaseCtrl$$FastClassBySpringCGLIB$$4472afa9.invoke(<generated>)
	at org.springframework.cglib.proxy.MethodProxy.invoke(MethodProxy.java:204)
	at org.springframework.aop.framework.CglibAopProxy$CglibMethodInvocation.invokeJoinpoint(CglibAopProxy.java:747)
	at org.springframework.aop.framework.ReflectiveMethodInvocation.proceed(ReflectiveMethodInvocation.java:163)
	at org.springframework.aop.aspectj.MethodInvocationProceedingJoinPoint.proceed(MethodInvocationProceedingJoinPoint.java:89)
	at com.limenets.eorder.aop.FrontCheck.ex(FrontCheck.java:94)
	at sun.reflect.GeneratedMethodAccessor91.invoke(Unknown Source)
	at sun.reflect.DelegatingMethodAccessorImpl.invoke(DelegatingMethodAccessorImpl.java:43)
	at java.lang.reflect.Method.invoke(Method.java:498)
	at org.springframework.aop.aspectj.AbstractAspectJAdvice.invokeAdviceMethodWithGivenArgs(AbstractAspectJAdvice.java:644)
	at org.springframework.aop.aspectj.AbstractAspectJAdvice.invokeAdviceMethod(AbstractAspectJAdvice.java:633)
	at org.springframework.aop.aspectj.AspectJAroundAdvice.invoke(AspectJAroundAdvice.java:70)
	at org.springframework.aop.framework.ReflectiveMethodInvocation.proceed(ReflectiveMethodInvocation.java:185)
	at org.springframework.aop.interceptor.ExposeInvocationInterceptor.invoke(ExposeInvocationInterceptor.java:92)
	at org.springframework.aop.framework.ReflectiveMethodInvocation.proceed(ReflectiveMethodInvocation.java:185)
	at org.springframework.aop.framework.CglibAopProxy$DynamicAdvisedInterceptor.intercept(CglibAopProxy.java:689)
	at com.limenets.eorder.ctrl.front.FBaseCtrl$$EnhancerBySpringCGLIB$$1bc259eb.getCustOrderAllItemListA2jax(<generated>)
	at sun.reflect.NativeMethodAccessorImpl.invoke0(Native Method)
	at sun.reflect.NativeMethodAccessorImpl.invoke(NativeMethodAccessorImpl.java:62)
	at sun.reflect.DelegatingMethodAccessorImpl.invoke(DelegatingMethodAccessorImpl.java:43)
	at java.lang.reflect.Method.invoke(Method.java:498)
	at org.springframework.web.method.support.InvocableHandlerMethod.doInvoke(InvocableHandlerMethod.java:209)
	at org.springframework.web.method.support.InvocableHandlerMethod.invokeForRequest(InvocableHandlerMethod.java:136)
	at org.springframework.web.servlet.mvc.method.annotation.ServletInvocableHandlerMethod.invokeAndHandle(ServletInvocableHandlerMethod.java:102)
	at org.springframework.web.servlet.mvc.method.annotation.RequestMappingHandlerAdapter.invokeHandlerMethod(RequestMappingHandlerAdapter.java:877)
	at org.springframework.web.servlet.mvc.method.annotation.RequestMappingHandlerAdapter.handleInternal(RequestMappingHandlerAdapter.java:783)
	at org.springframework.web.servlet.mvc.method.AbstractHandlerMethodAdapter.handle(AbstractHandlerMethodAdapter.java:87)
	at org.springframework.web.servlet.DispatcherServlet.doDispatch(DispatcherServlet.java:991)
	at org.springframework.web.servlet.DispatcherServlet.doService(DispatcherServlet.java:925)
	at org.springframework.web.servlet.FrameworkServlet.processRequest(FrameworkServlet.java:974)
	at org.springframework.web.servlet.FrameworkServlet.doPost(FrameworkServlet.java:877)
	at javax.servlet.http.HttpServlet.service(HttpServlet.java:555)
	at org.springframework.web.servlet.FrameworkServlet.service(FrameworkServlet.java:851)
	at javax.servlet.http.HttpServlet.service(HttpServlet.java:623)
	at org.apache.catalina.core.ApplicationFilterChain.internalDoFilter(ApplicationFilterChain.java:199)
	at org.apache.catalina.core.ApplicationFilterChain.doFilter(ApplicationFilterChain.java:144)
	at org.apache.tomcat.websocket.server.WsFilter.doFilter(WsFilter.java:51)
	at org.apache.catalina.core.ApplicationFilterChain.internalDoFilter(ApplicationFilterChain.java:168)
	at org.apache.catalina.core.ApplicationFilterChain.doFilter(ApplicationFilterChain.java:144)
	at org.springframework.mobile.device.DeviceResolverRequestFilter.doFilterInternal(DeviceResolverRequestFilter.java:60)
	at org.springframework.web.filter.OncePerRequestFilter.doFilter(OncePerRequestFilter.java:107)
	at org.apache.catalina.core.ApplicationFilterChain.internalDoFilter(ApplicationFilterChain.java:168)
	at org.apache.catalina.core.ApplicationFilterChain.doFilter(ApplicationFilterChain.java:144)
	at com.limenets.common.filter.XSSFilter.doFilterInternal(XSSFilter.java:20)
	at org.springframework.web.filter.OncePerRequestFilter.doFilter(OncePerRequestFilter.java:107)
	at org.apache.catalina.core.ApplicationFilterChain.internalDoFilter(ApplicationFilterChain.java:168)
	at org.apache.catalina.core.ApplicationFilterChain.doFilter(ApplicationFilterChain.java:144)
	at org.springframework.web.multipart.support.MultipartFilter.doFilterInternal(MultipartFilter.java:123)
	at org.springframework.web.filter.OncePerRequestFilter.doFilter(OncePerRequestFilter.java:107)
	at org.apache.catalina.core.ApplicationFilterChain.internalDoFilter(ApplicationFilterChain.java:168)
	at org.apache.catalina.core.ApplicationFilterChain.doFilter(ApplicationFilterChain.java:144)
	at org.springframework.web.filter.CharacterEncodingFilter.doFilterInternal(CharacterEncodingFilter.java:200)
	at org.springframework.web.filter.OncePerRequestFilter.doFilter(OncePerRequestFilter.java:107)
	at org.apache.catalina.core.ApplicationFilterChain.internalDoFilter(ApplicationFilterChain.java:168)
	at org.apache.catalina.core.ApplicationFilterChain.doFilter(ApplicationFilterChain.java:144)
	at org.apache.catalina.core.StandardWrapperValve.invoke(StandardWrapperValve.java:168)
	at org.apache.catalina.core.StandardContextValve.invoke(StandardContextValve.java:90)
	at org.apache.catalina.authenticator.AuthenticatorBase.invoke(AuthenticatorBase.java:482)
	at org.apache.catalina.core.StandardHostValve.invoke(StandardHostValve.java:130)
	at org.apache.catalina.valves.ErrorReportValve.invoke(ErrorReportValve.java:93)
	at org.apache.catalina.valves.ErrorReportValve.invoke(ErrorReportValve.java:93)
	at org.apache.catalina.valves.AbstractAccessLogValve.invoke(AbstractAccessLogValve.java:660)
	at org.apache.catalina.core.StandardEngineValve.invoke(StandardEngineValve.java:74)
	at org.apache.catalina.connector.CoyoteAdapter.service(CoyoteAdapter.java:346)
	at org.apache.coyote.ajp.AjpProcessor.service(AjpProcessor.java:424)
	at org.apache.coyote.AbstractProcessorLight.process(AbstractProcessorLight.java:63)
	at org.apache.coyote.AbstractProtocol$ConnectionHandler.process(AbstractProtocol.java:937)
	at org.apache.tomcat.util.net.NioEndpoint$SocketProcessor.doRun(NioEndpoint.java:1793)
	at org.apache.tomcat.util.net.SocketProcessorBase.run(SocketProcessorBase.java:52)
	at org.apache.tomcat.util.threads.ThreadPoolExecutor.runWorker(ThreadPoolExecutor.java:1190)
	at org.apache.tomcat.util.threads.ThreadPoolExecutor$Worker.run(ThreadPoolExecutor.java:659)
	at org.apache.tomcat.util.threads.TaskThread$WrappingRunnable.run(TaskThread.java:63)
	at java.lang.Thread.run(Thread.java:750)
Exception in thread "ajp-nio-0.0.0.0-8009-Poller" Exception in thread "http-nio-8080-Poller" java.lang.OutOfMemoryError: Java heap space
java.lang.OutOfMemoryError: Java heap space
Exception in thread "AsyncFileHandlerWriter-1" java.lang.OutOfMemoryError: Java heap space
Exception in thread "AsyncFileHandlerWriter-2" java.lang.OutOfMemoryError: Java heap space
21-Jul-2025 10:11:33.417 SEVERE [ajp-nio-0.0.0.0-8009-exec-100] unknown.unknown Failed to complete processing of a request
	java.lang.OutOfMemoryError: Java heap space
java.lang.OutOfMemoryError: Java heap space
Exception in thread "AsyncFileHandlerWriter-3" java.lang.OutOfMemoryError: Java heap space
Exception in thread "AsyncFileHandlerWriter-4" java.lang.OutOfMemoryError: Java heap space
21-Jul-2025 10:13:03.304 SEVERE [Catalina-utility-1] org.apache.catalina.core.ContainerBase.threadStart Exception processing background thread
	java.util.concurrent.ExecutionException: java.lang.OutOfMemoryError: Java heap space
		at java.util.concurrent.FutureTask.report(FutureTask.java:122)
		at java.util.concurrent.FutureTask.get(FutureTask.java:192)
		at org.apache.catalina.core.ContainerBase.threadStart(ContainerBase.java:1097)
		at org.apache.catalina.core.ContainerBase$ContainerBackgroundProcessorMonitor.run(ContainerBase.java:1141)
		at java.util.concurrent.Executors$RunnableAdapter.call(Executors.java:511)
		at java.util.concurrent.FutureTask.runAndReset(FutureTask.java:308)
		at java.util.concurrent.ScheduledThreadPoolExecutor$ScheduledFutureTask.access$301(ScheduledThreadPoolExecutor.java:180)
		at java.util.concurrent.ScheduledThreadPoolExecutor$ScheduledFutureTask.run(ScheduledThreadPoolExecutor.java:294)
		at java.util.concurrent.ThreadPoolExecutor.runWorker(ThreadPoolExecutor.java:1149)
		at java.util.concurrent.ThreadPoolExecutor$Worker.run(ThreadPoolExecutor.java:624)
		at org.apache.tomcat.util.threads.TaskThread$WrappingRunnable.run(TaskThread.java:63)
		at java.lang.Thread.run(Thread.java:750)
	Caused by: java.lang.OutOfMemoryError: Java heap space
21-Jul-2025 10:15:36.451 INFO [main] org.apache.catalina.startup.VersionLoggerListener.log Server version name:   Apache Tomcat/9.0.99
21-Jul-2025 10:15:36.467 INFO [main] org.apache.catalina.startup.VersionLoggerListener.log Server built:          Feb 4 2025 20:08:08 UTC
21-Jul-2025 10:15:36.467 INFO [main] org.apache.catalina.startup.VersionLoggerListener.log Server version number: 9.0.99.0
21-Jul-2025 10:15:36.467 INFO [main] org.apache.catalina.startup.VersionLoggerListener.log OS Name:               Windows Server 2019
21-Jul-2025 10:15:36.467 INFO [main] org.apache.catalina.startup.VersionLoggerListener.log OS Version:            10.0
21-Jul-2025 10:15:36.467 INFO [main] org.apache.catalina.startup.VersionLoggerListener.log Architecture:          amd64
21-Jul-2025 10:15:36.467 INFO [main] org.apache.catalina.startup.VersionLoggerListener.log Java Home:             C:\Program Files\Zulu\zulu-8\jre
21-Jul-2025 10:15:36.467 INFO [main] org.apache.catalina.startup.VersionLoggerListener.log JVM Version:           1.8.0_452-b09
21-Jul-2025 10:15:36.467 INFO [main] org.apache.catalina.startup.VersionLoggerListener.log JVM Vendor:            Azul Systems, Inc.
21-Jul-2025 10:15:36.467 INFO [main] org.apache.catalina.startup.VersionLoggerListener.log CATALINA_BASE:         C:\Program Files\Apache Software Foundation\Tomcat 9.0_Tomcat9_EORDER_REAL
21-Jul-2025 10:15:36.467 INFO [main] org.apache.catalina.startup.VersionLoggerListener.log CATALINA_HOME:         C:\Program Files\Apache Software Foundation\Tomcat 9.0_Tomcat9_EORDER_REAL
21-Jul-2025 10:15:36.467 INFO [main] org.apache.catalina.startup.VersionLoggerListener.log Command line argument: -Dcatalina.home=C:\Program Files\Apache Software Foundation\Tomcat 9.0_Tomcat9_EORDER_REAL
21-Jul-2025 10:15:36.467 INFO [main] org.apache.catalina.startup.VersionLoggerListener.log Command line argument: -Dcatalina.base=C:\Program Files\Apache Software Foundation\Tomcat 9.0_Tomcat9_EORDER_REAL
21-Jul-2025 10:15:36.467 INFO [main] org.apache.catalina.startup.VersionLoggerListener.log Command line argument: -Dignore.endorsed.dirs=C:\Program Files\Apache Software Foundation\Tomcat 9.0_Tomcat9_EORDER_REAL\endorsed
21-Jul-2025 10:15:36.467 INFO [main] org.apache.catalina.startup.VersionLoggerListener.log Command line argument: -Djava.io.tmpdir=C:\Program Files\Apache Software Foundation\Tomcat 9.0_Tomcat9_EORDER_REAL\temp
21-Jul-2025 10:15:36.467 INFO [main] org.apache.catalina.startup.VersionLoggerListener.log Command line argument: -Djava.util.logging.manager=org.apache.juli.ClassLoaderLogManager
21-Jul-2025 10:15:36.467 INFO [main] org.apache.catalina.startup.VersionLoggerListener.log Command line argument: -Djava.util.logging.config.file=C:\Program Files\Apache Software Foundation\Tomcat 9.0_Tomcat9_EORDER_REAL\conf\logging.properties
21-Jul-2025 10:15:36.467 INFO [main] org.apache.catalina.startup.VersionLoggerListener.log Command line argument: -Dsite.profile=real
21-Jul-2025 10:15:36.467 INFO [main] org.apache.catalina.startup.VersionLoggerListener.log Command line argument: exit
21-Jul-2025 10:15:36.467 INFO [main] org.apache.catalina.startup.VersionLoggerListener.log Command line argument: abort
21-Jul-2025 10:15:36.467 INFO [main] org.apache.catalina.startup.VersionLoggerListener.log Command line argument: -Xms128m
21-Jul-2025 10:15:36.467 INFO [main] org.apache.catalina.startup.VersionLoggerListener.log Command line argument: -Xmx256m
21-Jul-2025 10:15:36.467 INFO [main] org.apache.catalina.core.AprLifecycleListener.lifecycleEvent Loaded Apache Tomcat Native library [1.3.1] using APR version [1.7.4].
21-Jul-2025 10:15:36.467 INFO [main] org.apache.catalina.core.AprLifecycleListener.lifecycleEvent APR capabilities: IPv6 [true], sendfile [true], accept filters [false], random [true], UDS [true].
21-Jul-2025 10:15:36.467 INFO [main] org.apache.catalina.core.AprLifecycleListener.lifecycleEvent APR/OpenSSL configuration: useAprConnector [false], useOpenSSL [true]
21-Jul-2025 10:15:36.498 INFO [main] org.apache.catalina.core.AprLifecycleListener.initializeSSL OpenSSL successfully initialized [OpenSSL 3.0.14 4 Jun 2024]
21-Jul-2025 10:15:36.964 INFO [main] org.apache.coyote.AbstractProtocol.init Initializing ProtocolHandler ["http-nio-8080"]
21-Jul-2025 10:15:37.011 INFO [main] org.apache.coyote.AbstractProtocol.init Initializing ProtocolHandler ["ajp-nio-0.0.0.0-8009"]
21-Jul-2025 10:15:37.011 INFO [main] org.apache.catalina.startup.Catalina.load Server initialization in [881] milliseconds
21-Jul-2025 10:15:37.069 INFO [main] org.apache.catalina.core.StandardService.startInternal Starting service [Catalina]
21-Jul-2025 10:15:37.069 INFO [main] org.apache.catalina.core.StandardEngine.startInternal Starting Servlet engine: [Apache Tomcat/9.0.99]
21-Jul-2025 10:15:37.084 INFO [main] org.apache.catalina.startup.HostConfig.deployWAR Deploying web application archive [C:\Program Files\Apache Software Foundation\Tomcat 9.0_Tomcat9_EORDER_REAL\webapps\eorder.war]
21-Jul-2025 10:15:37.140 WARNING [main] org.apache.catalina.webresources.DirResourceSet.initInternal Disabled the global canonical file name cache to protect against CVE-2024-56337 when starting the WebResourceSet at [C:\Program Files\Apache Software Foundation\Tomcat 9.0_Tomcat9_EORDER_REAL\webapps\eorder] which is part of the web application [/eorder]
21-Jul-2025 10:15:45.420 INFO [main] org.apache.jasper.servlet.TldScanner.scanJars At least one JAR was scanned for TLDs yet contained no TLDs. Enable debug logging for this logger for a complete list of JARs that were scanned but no TLDs were found in them. Skipping unneeded JARs during scanning can improve startup time and JSP compilation time.
SLF4J: Class path contains multiple SLF4J bindings.
SLF4J: Found binding in [jar:file:/C:/Program%20Files/Apache%20Software%20Foundation/Tomcat%209.0_Tomcat9_EORDER_REAL/webapps/eorder/WEB-INF/lib/slf4j-log4j12-1.6.6.jar!/org/slf4j/impl/StaticLoggerBinder.class]
SLF4J: Found binding in [jar:file:/C:/Program%20Files/Apache%20Software%20Foundation/Tomcat%209.0_Tomcat9_EORDER_REAL/webapps/eorder/WEB-INF/lib/tika-app-1.6.jar!/org/slf4j/impl/StaticLoggerBinder.class]
SLF4J: See http://www.slf4j.org/codes.html#multiple_bindings for an explanation.
SLF4J: Actual binding is of type [org.slf4j.impl.Log4jLoggerFactory]
log4j:WARN Continuable parsing error 78 and column 23
log4j:WARN The content of element type "log4j:configuration" must match "(renderer*,appender*,plugin*,(category|logger)*,root?,(categoryFactory|loggerFactory)?)".
21-Jul-2025 10:15:49.062 WARNING [main] org.apache.catalina.util.SessionIdGeneratorBase.createSecureRandom Creation of SecureRandom instance for session ID generation using [SHA1PRNG] took [130] milliseconds.
21-Jul-2025 10:15:59.701 INFO [main] org.apache.catalina.startup.HostConfig.deployWAR Deployment of web application archive [C:\Program Files\Apache Software Foundation\Tomcat 9.0_Tomcat9_EORDER_REAL\webapps\eorder.war] has finished in [22,617] ms
21-Jul-2025 10:15:59.701 INFO [main] org.apache.catalina.startup.HostConfig.deployDirectory Deploying web application directory [C:\Program Files\Apache Software Foundation\Tomcat 9.0_Tomcat9_EORDER_REAL\webapps\docs]
21-Jul-2025 10:15:59.777 INFO [main] org.apache.catalina.startup.HostConfig.deployDirectory Deployment of web application directory [C:\Program Files\Apache Software Foundation\Tomcat 9.0_Tomcat9_EORDER_REAL\webapps\docs] has finished in [76] ms
21-Jul-2025 10:15:59.787 INFO [main] org.apache.catalina.startup.HostConfig.deployDirectory Deploying web application directory [C:\Program Files\Apache Software Foundation\Tomcat 9.0_Tomcat9_EORDER_REAL\webapps\manager]
21-Jul-2025 10:15:59.886 INFO [main] org.apache.catalina.startup.HostConfig.deployDirectory Deployment of web application directory [C:\Program Files\Apache Software Foundation\Tomcat 9.0_Tomcat9_EORDER_REAL\webapps\manager] has finished in [109] ms
21-Jul-2025 10:15:59.886 INFO [main] org.apache.catalina.startup.HostConfig.deployDirectory Deploying web application directory [C:\Program Files\Apache Software Foundation\Tomcat 9.0_Tomcat9_EORDER_REAL\webapps\ROOT]
21-Jul-2025 10:15:59.915 INFO [main] org.apache.catalina.startup.HostConfig.deployDirectory Deployment of web application directory [C:\Program Files\Apache Software Foundation\Tomcat 9.0_Tomcat9_EORDER_REAL\webapps\ROOT] has finished in [29] ms
21-Jul-2025 10:15:59.928 INFO [main] org.apache.coyote.AbstractProtocol.start Starting ProtocolHandler ["http-nio-8080"]
21-Jul-2025 10:15:59.955 INFO [main] org.apache.coyote.AbstractProtocol.start Starting ProtocolHandler ["ajp-nio-0.0.0.0-8009"]
21-Jul-2025 10:15:59.955 INFO [main] org.apache.catalina.startup.Catalina.start Server startup in [22941] milliseconds
21-Jul-2025 10:17:45.267 INFO [ajp-nio-0.0.0.0-8009-exec-8] org.apache.tomcat.util.http.parser.Cookie.logInvalidHeader A cookie header was received [front/order/salesOrderList/jqGridCookie/gridList2=0%2C1%2C2%2C3%2C4%2C5;] that contained an invalid cookie. That cookie will be ignored.
 Note: further occurrences of this error will be logged at DEBUG level.
